TN:
SF:/usr/include/c++/11/new
FN:174,_ZnwmPv
FNDA:160,_ZnwmPv
DA:174,160
DA:175,160
end_of_record
SF:/usr/include/c++/11/ext/alloc_traits.h
FN:97,_ZN9__gnu_cxx14__alloc_traitsISaIcEcE17_S_select_on_copyERKS1_
FNDA:0,_ZN9__gnu_cxx14__alloc_traitsISaIcEcE17_S_select_on_copyERKS1_
DA:97,0
DA:98,0
end_of_record
SF:/usr/include/c++/11/bits/allocator.h
FN:156,_ZNSaIP16ConexionLenguajeEC2Ev
FNDA:21,_ZNSaIP16ConexionLenguajeEC2Ev
DA:156,21
end_of_record
SF:/usr/include/c++/11/bits/alloc_traits.h
FN:463,_ZNSt16allocator_traitsISaIP16ConexionLenguajeEE8allocateERS2_m
FNDA:11,_ZNSt16allocator_traitsISaIP16ConexionLenguajeEE8allocateERS2_m
FN:495,_ZNSt16allocator_traitsISaIP16ConexionLenguajeEE10deallocateERS2_PS1_m
FNDA:7,_ZNSt16allocator_traitsISaIP16ConexionLenguajeEE10deallocateERS2_PS1_m
FN:511,_ZNSt16allocator_traitsISaIP16ConexionLenguajeEE9constructIS1_JRKS1_EEEvRS2_PT_DpOT0_
FNDA:12,_ZNSt16allocator_traitsISaIP16ConexionLenguajeEE9constructIS1_JRKS1_EEEvRS2_PT_DpOT0_
FN:531,_ZNSt16allocator_traitsISaIP16ConexionLenguajeEE7destroyIS1_EEvRS2_PT_
FNDA:13,_ZNSt16allocator_traitsISaIP16ConexionLenguajeEE7destroyIS1_EEvRS2_PT_
FN:547,_ZNSt16allocator_traitsISaIP16ConexionLenguajeEE8max_sizeERKS2_
FNDA:16,_ZNSt16allocator_traitsISaIP16ConexionLenguajeEE8max_sizeERKS2_
FN:562,_ZNSt16allocator_traitsISaIcEE37select_on_container_copy_constructionERKS0_
FNDA:0,_ZNSt16allocator_traitsISaIcEE37select_on_container_copy_constructionERKS0_
FN:845,_ZSt8_DestroyIPP16ConexionLenguajeS1_EvT_S3_RSaIT0_E
FNDA:6,_ZSt8_DestroyIPP16ConexionLenguajeS1_EvT_S3_RSaIT0_E
DA:463,11
DA:464,11
DA:495,7
DA:496,7
DA:511,12
DA:516,12
DA:520,12
DA:531,13
DA:535,13
DA:539,13
DA:547,16
DA:550,16
DA:562,0
DA:563,0
DA:845,6
DA:848,6
DA:849,6
end_of_record
SF:/usr/include/c++/11/bits/stl_iterator_base_types.h
FN:238,_ZSt19__iterator_categoryIPcENSt15iterator_traitsIT_E17iterator_categoryERKS2_
FNDA:0,_ZSt19__iterator_categoryIPcENSt15iterator_traitsIT_E17iterator_categoryERKS2_
DA:238,0
DA:239,0
end_of_record
SF:/usr/include/c++/11/bits/vector.tcc
FN:426,_ZNSt6vectorIP16ConexionLenguajeSaIS1_EE17_M_realloc_insertIJRKS1_EEEvN9__gnu_cxx17__normal_iteratorIPS1_S3_EEDpOT_
FNDA:5,_ZNSt6vectorIP16ConexionLenguajeSaIS1_EE17_M_realloc_insertIJRKS1_EEEvN9__gnu_cxx17__normal_iteratorIPS1_S3_EEDpOT_
DA:426,5
DA:436,5
DA:437,5
DA:438,5
DA:439,5
DA:440,5
DA:441,5
DA:449,5
DA:450,5
DA:456,5
DA:459,5
DA:461,5
DA:462,5
DA:464,5
DA:466,5
DA:467,5
DA:474,0
DA:475,0
DA:477,0
DA:481,0
DA:482,0
DA:485,0
DA:487,0
DA:488,0
DA:489,0
DA:491,0
DA:492,0
DA:493,0
DA:496,5
DA:498,0
DA:500,5
DA:501,5
DA:502,5
DA:503,5
DA:504,5
DA:505,5
end_of_record
SF:/usr/include/c++/11/bits/stl_vector.h
FN:97,_ZNSt12_Vector_baseIP16ConexionLenguajeSaIS1_EE17_Vector_impl_dataC2Ev
FNDA:21,_ZNSt12_Vector_baseIP16ConexionLenguajeSaIS1_EE17_Vector_impl_dataC2Ev
FN:131,_ZNSt12_Vector_baseIP16ConexionLenguajeSaIS1_EE12_Vector_implC2Ev
FNDA:15,_ZNSt12_Vector_baseIP16ConexionLenguajeSaIS1_EE12_Vector_implC2Ev
FN:276,_ZNSt12_Vector_baseIP16ConexionLenguajeSaIS1_EE19_M_get_Tp_allocatorEv
FNDA:28,_ZNSt12_Vector_baseIP16ConexionLenguajeSaIS1_EE19_M_get_Tp_allocatorEv
FN:280,_ZNKSt12_Vector_baseIP16ConexionLenguajeSaIS1_EE19_M_get_Tp_allocatorEv
FNDA:10,_ZNKSt12_Vector_baseIP16ConexionLenguajeSaIS1_EE19_M_get_Tp_allocatorEv
FN:288,_ZNSt12_Vector_baseIP16ConexionLenguajeSaIS1_EEC2Ev
FNDA:15,_ZNSt12_Vector_baseIP16ConexionLenguajeSaIS1_EEC2Ev
FN:343,_ZNSt12_Vector_baseIP16ConexionLenguajeSaIS1_EE11_M_allocateEm
FNDA:11,_ZNSt12_Vector_baseIP16ConexionLenguajeSaIS1_EE11_M_allocateEm
FN:350,_ZNSt12_Vector_baseIP16ConexionLenguajeSaIS1_EE13_M_deallocateEPS1_m
FNDA:11,_ZNSt12_Vector_baseIP16ConexionLenguajeSaIS1_EE13_M_deallocateEPS1_m
FN:431,_ZNSt6vectorIP16ConexionLenguajeSaIS1_EE19_S_nothrow_relocateESt17integral_constantIbLb1EE
FNDA:10,_ZNSt6vectorIP16ConexionLenguajeSaIS1_EE19_S_nothrow_relocateESt17integral_constantIbLb1EE
FN:444,_ZNSt6vectorIP16ConexionLenguajeSaIS1_EE15_S_use_relocateEv
FNDA:10,_ZNSt6vectorIP16ConexionLenguajeSaIS1_EE15_S_use_relocateEv
FN:453,_ZNSt6vectorIP16ConexionLenguajeSaIS1_EE14_S_do_relocateEPS1_S4_S4_RS2_St17integral_constantIbLb1EE
FNDA:10,_ZNSt6vectorIP16ConexionLenguajeSaIS1_EE14_S_do_relocateEPS1_S4_S4_RS2_St17integral_constantIbLb1EE
FN:465,_ZNSt6vectorIP16ConexionLenguajeSaIS1_EE11_S_relocateEPS1_S4_S4_RS2_
FNDA:10,_ZNSt6vectorIP16ConexionLenguajeSaIS1_EE11_S_relocateEPS1_S4_S4_RS2_
FN:487,_ZNSt6vectorIP16ConexionLenguajeSaIS1_EEC2Ev
FNDA:15,_ZNSt6vectorIP16ConexionLenguajeSaIS1_EEC2Ev
FN:811,_ZNSt6vectorIP16ConexionLenguajeSaIS1_EE5beginEv
FNDA:14,_ZNSt6vectorIP16ConexionLenguajeSaIS1_EE5beginEv
FN:829,_ZNSt6vectorIP16ConexionLenguajeSaIS1_EE3endEv
FNDA:27,_ZNSt6vectorIP16ConexionLenguajeSaIS1_EE3endEv
FN:918,_ZNKSt6vectorIP16ConexionLenguajeSaIS1_EE4sizeEv
FNDA:20,_ZNKSt6vectorIP16ConexionLenguajeSaIS1_EE4sizeEv
FN:923,_ZNKSt6vectorIP16ConexionLenguajeSaIS1_EE8max_sizeEv
FNDA:10,_ZNKSt6vectorIP16ConexionLenguajeSaIS1_EE8max_sizeEv
FN:1187,_ZNSt6vectorIP16ConexionLenguajeSaIS1_EE9push_backERKS1_
FNDA:12,_ZNSt6vectorIP16ConexionLenguajeSaIS1_EE9push_backERKS1_
FN:1756,_ZNKSt6vectorIP16ConexionLenguajeSaIS1_EE12_M_check_lenEmPKc
FNDA:5,_ZNKSt6vectorIP16ConexionLenguajeSaIS1_EE12_M_check_lenEmPKc
FN:1776,_ZNSt6vectorIP16ConexionLenguajeSaIS1_EE11_S_max_sizeERKS2_
FNDA:16,_ZNSt6vectorIP16ConexionLenguajeSaIS1_EE11_S_max_sizeERKS2_
DA:97,21
DA:98,21
DA:99,21
DA:131,15
DA:133,15
DA:134,15
DA:276,28
DA:277,28
DA:280,10
DA:281,10
DA:288,15
DA:343,11
DA:346,11
DA:350,11
DA:353,11
DA:354,7
DA:355,11
DA:431,10
DA:436,10
DA:444,10
DA:449,10
DA:453,10
DA:456,10
DA:465,10
DA:469,10
DA:487,15
DA:811,14
DA:812,14
DA:829,27
DA:830,27
DA:918,20
DA:919,20
DA:923,10
DA:924,10
DA:1187,12
DA:1189,12
DA:1192,7
DA:1194,7
DA:1198,5
DA:1199,12
DA:1756,5
DA:1758,5
DA:1759,0
DA:1761,5
DA:1762,5
DA:1776,16
DA:1781,16
DA:1783,16
DA:1784,16
end_of_record
SF:/mnt/c/Users/Jeamh/CLionProjects/Examen1/pregunta-5/src/ConexionLenguaje.cpp
FN:6,_ZN16ConexionLenguajeC2ERKNSt7__cxx1112basic_stringIcSt11char_traitsIcESaIcEEE
FNDA:15,_ZN16ConexionLenguajeC2ERKNSt7__cxx1112basic_stringIcSt11char_traitsIcESaIcEEE
FN:13,_ZN16ConexionLenguaje16agregarAdyacenteEPS_
FNDA:5,_ZN16ConexionLenguaje16agregarAdyacenteEPS_
DA:6,15
DA:8,15
DA:13,5
DA:14,5
DA:16,5
end_of_record
SF:/usr/include/c++/11/bits/stl_iterator.h
FN:1027,_ZN9__gnu_cxx17__normal_iteratorIPP16ConexionLenguajeSt6vectorIS2_SaIS2_EEEC2ERKS3_
FNDA:54,_ZN9__gnu_cxx17__normal_iteratorIPP16ConexionLenguajeSt6vectorIS2_SaIS2_EEEC2ERKS3_
FN:1105,_ZNK9__gnu_cxx17__normal_iteratorIPP16ConexionLenguajeSt6vectorIS2_SaIS2_EEE4baseEv
FNDA:54,_ZNK9__gnu_cxx17__normal_iteratorIPP16ConexionLenguajeSt6vectorIS2_SaIS2_EEE4baseEv
FN:1268,_ZN9__gnu_cxxmiIPP16ConexionLenguajeSt6vectorIS2_SaIS2_EEEENS_17__normal_iteratorIT_T0_E15difference_typeERKSA_SD_
FNDA:5,_ZN9__gnu_cxxmiIPP16ConexionLenguajeSt6vectorIS2_SaIS2_EEEENS_17__normal_iteratorIT_T0_E15difference_typeERKSA_SD_
FN:1439,_ZNSt13move_iteratorIPP16ConexionLenguajeEC2ES2_
FNDA:0,_ZNSt13move_iteratorIPP16ConexionLenguajeEC2ES2_
FN:1464,_ZNKSt13move_iteratorIPP16ConexionLenguajeE4baseEv
FNDA:0,_ZNKSt13move_iteratorIPP16ConexionLenguajeE4baseEv
FN:1723,_ZSt32__make_move_if_noexcept_iteratorIP16ConexionLenguajeSt13move_iteratorIPS1_EET0_PT_
FNDA:0,_ZSt32__make_move_if_noexcept_iteratorIP16ConexionLenguajeSt13move_iteratorIPS1_EET0_PT_
FN:2464,_ZSt12__miter_baseIPP16ConexionLenguajeEDTcl12__miter_basecldtfp_4baseEEESt13move_iteratorIT_E
FNDA:0,_ZSt12__miter_baseIPP16ConexionLenguajeEDTcl12__miter_basecldtfp_4baseEEESt13move_iteratorIT_E
DA:1027,54
DA:1028,54
DA:1105,54
DA:1106,54
DA:1268,5
DA:1271,5
DA:1439,0
DA:1440,0
DA:1464,0
DA:1465,0
DA:1723,0
DA:1724,0
DA:2464,0
DA:2466,0
end_of_record
SF:/usr/include/c++/11/bits/stl_construct.h
FN:172,_ZNSt12_Destroy_auxILb1EE9__destroyIPP16ConexionLenguajeEEvT_S5_
FNDA:6,_ZNSt12_Destroy_auxILb1EE9__destroyIPP16ConexionLenguajeEEvT_S5_
FN:182,_ZSt8_DestroyIPP16ConexionLenguajeEvT_S3_
FNDA:6,_ZSt8_DestroyIPP16ConexionLenguajeEvT_S3_
DA:172,6
DA:182,6
DA:196,6
DA:197,6
end_of_record
SF:/usr/include/c++/11/bits/move.h
FN:77,_ZSt7forwardIRKP16ConexionLenguajeEOT_RNSt16remove_referenceIS4_E4typeE
FNDA:29,_ZSt7forwardIRKP16ConexionLenguajeEOT_RNSt16remove_referenceIS4_E4typeE
FN:104,_ZSt4moveIRPP16ConexionLenguajeEONSt16remove_referenceIT_E4typeEOS5_
FNDA:0,_ZSt4moveIRPP16ConexionLenguajeEONSt16remove_referenceIT_E4typeEOS5_
FN:104,_ZSt4moveIRSaIcEEONSt16remove_referenceIT_E4typeEOS3_
FNDA:0,_ZSt4moveIRSaIcEEONSt16remove_referenceIT_E4typeEOS3_
DA:77,29
DA:78,29
DA:104,0
DA:105,0
DA:104,0
DA:105,0
end_of_record
SF:/usr/include/c++/11/bits/cpp_type_traits.h
FN:560,_ZSt12__miter_baseIPP16ConexionLenguajeET_S3_
FNDA:0,_ZSt12__miter_baseIPP16ConexionLenguajeET_S3_
DA:560,0
DA:561,0
end_of_record
SF:/usr/include/c++/11/bits/basic_string.h
FN:251,_ZNSt7__cxx1112basic_stringIcSt11char_traitsIcESaIcEE16_M_construct_auxIPcEEvT_S7_St12__false_type
FNDA:0,_ZNSt7__cxx1112basic_stringIcSt11char_traitsIcESaIcEE16_M_construct_auxIPcEEvT_S7_St12__false_type
FN:271,_ZNSt7__cxx1112basic_stringIcSt11char_traitsIcESaIcEE12_M_constructIPcEEvT_S7_
FNDA:0,_ZNSt7__cxx1112basic_stringIcSt11char_traitsIcESaIcEE12_M_constructIPcEEvT_S7_
DA:251,0
DA:255,0
DA:256,0
DA:271,0
DA:274,0
DA:275,0
end_of_record
SF:/usr/include/c++/11/bits/stl_algobase.h
FN:230,_ZSt3minImERKT_S2_S2_
FNDA:79,_ZSt3minImERKT_S2_S2_
FN:254,_ZSt3maxImERKT_S2_S2_
FNDA:35,_ZSt3maxImERKT_S2_S2_
FN:313,_ZSt12__niter_baseIPP16ConexionLenguajeET_S3_
FNDA:36,_ZSt12__niter_baseIPP16ConexionLenguajeET_S3_
FN:335,_ZSt12__niter_wrapIPP16ConexionLenguajeET_RKS3_S3_
FNDA:6,_ZSt12__niter_wrapIPP16ConexionLenguajeET_RKS3_S3_
FN:420,_ZNSt11__copy_moveILb1ELb1ESt26random_access_iterator_tagE8__copy_mIP16ConexionLenguajeEEPT_PKS5_S8_S6_
FNDA:0,_ZNSt11__copy_moveILb1ELb1ESt26random_access_iterator_tagE8__copy_mIP16ConexionLenguajeEEPT_PKS5_S8_S6_
FN:486,_ZSt14__copy_move_a2ILb1EPP16ConexionLenguajeS2_ET1_T0_S4_S3_
FNDA:0,_ZSt14__copy_move_a2ILb1EPP16ConexionLenguajeS2_ET1_T0_S4_S3_
FN:521,_ZSt14__copy_move_a1ILb1EPP16ConexionLenguajeS2_ET1_T0_S4_S3_
FNDA:0,_ZSt14__copy_move_a1ILb1EPP16ConexionLenguajeS2_ET1_T0_S4_S3_
FN:527,_ZSt13__copy_move_aILb1EPP16ConexionLenguajeS2_ET1_T0_S4_S3_
FNDA:0,_ZSt13__copy_move_aILb1EPP16ConexionLenguajeS2_ET1_T0_S4_S3_
FN:611,_ZSt4copyISt13move_iteratorIPP16ConexionLenguajeES3_ET0_T_S6_S5_
FNDA:0,_ZSt4copyISt13move_iteratorIPP16ConexionLenguajeES3_ET0_T_S6_S5_
DA:230,79
DA:235,79
DA:236,0
DA:237,79
DA:254,35
DA:259,35
DA:260,23
DA:261,12
DA:313,36
DA:315,36
DA:335,6
DA:336,6
DA:420,0
DA:429,0
DA:430,0
DA:431,0
DA:432,0
DA:486,0
DA:495,0
DA:521,0
DA:522,0
DA:527,0
DA:529,0
DA:532,0
DA:611,0
DA:620,0
end_of_record
SF:/usr/include/c++/11/bits/basic_string.tcc
FN:206,_ZNSt7__cxx1112basic_stringIcSt11char_traitsIcESaIcEE12_M_constructIPcEEvT_S7_St20forward_iterator_tag
FNDA:0,_ZNSt7__cxx1112basic_stringIcSt11char_traitsIcESaIcEE12_M_constructIPcEEvT_S7_St20forward_iterator_tag
DA:206,0
DA:211,0
DA:212,0
DA:215,0
DA:217,0
DA:219,0
DA:220,0
DA:225,0
DA:226,0
DA:228,0
DA:229,0
DA:232,0
DA:233,0
end_of_record
SF:/usr/include/c++/11/ext/type_traits.h
FN:152,_ZN9__gnu_cxx17__is_null_pointerIcEEbPT_
FNDA:0,_ZN9__gnu_cxx17__is_null_pointerIcEEbPT_
DA:152,0
DA:153,0
end_of_record
SF:/usr/include/c++/11/bits/stl_iterator_base_funcs.h
FN:98,_ZSt10__distanceIPcENSt15iterator_traitsIT_E15difference_typeES2_S2_St26random_access_iterator_tag
FNDA:0,_ZSt10__distanceIPcENSt15iterator_traitsIT_E15difference_typeES2_S2_St26random_access_iterator_tag
FN:138,_ZSt8distanceIPcENSt15iterator_traitsIT_E15difference_typeES2_S2_
FNDA:0,_ZSt8distanceIPcENSt15iterator_traitsIT_E15difference_typeES2_S2_
DA:98,0
DA:104,0
DA:138,0
DA:141,0
DA:142,0
end_of_record
SF:/usr/include/c++/11/bits/stl_uninitialized.h
FN:108,_ZNSt20__uninitialized_copyILb1EE13__uninit_copyISt13move_iteratorIPP16ConexionLenguajeES5_EET0_T_S8_S7_
FNDA:0,_ZNSt20__uninitialized_copyILb1EE13__uninit_copyISt13move_iteratorIPP16ConexionLenguajeES5_EET0_T_S8_S7_
FN:126,_ZSt18uninitialized_copyISt13move_iteratorIPP16ConexionLenguajeES3_ET0_T_S6_S5_
FNDA:0,_ZSt18uninitialized_copyISt13move_iteratorIPP16ConexionLenguajeES3_ET0_T_S6_S5_
FN:331,_ZSt22__uninitialized_copy_aISt13move_iteratorIPP16ConexionLenguajeES3_S2_ET0_T_S6_S5_RSaIT1_E
FNDA:0,_ZSt22__uninitialized_copy_aISt13move_iteratorIPP16ConexionLenguajeES3_S2_ET0_T_S6_S5_RSaIT1_E
FN:349,_ZSt34__uninitialized_move_if_noexcept_aIPP16ConexionLenguajeS2_SaIS1_EET0_T_S5_S4_RT1_
FNDA:0,_ZSt34__uninitialized_move_if_noexcept_aIPP16ConexionLenguajeS2_SaIS1_EET0_T_S5_S4_RT1_
FN:1006,_ZSt14__relocate_a_1IP16ConexionLenguajeS1_ENSt9enable_ifIXsrSt24__is_bitwise_relocatableIT_vE5valueEPS4_E4typeES6_S6_S6_RSaIT0_E
FNDA:10,_ZSt14__relocate_a_1IP16ConexionLenguajeS1_ENSt9enable_ifIXsrSt24__is_bitwise_relocatableIT_vE5valueEPS4_E4typeES6_S6_S6_RSaIT0_E
FN:1040,_ZSt12__relocate_aIPP16ConexionLenguajeS2_SaIS1_EET0_T_S5_S4_RT1_
FNDA:10,_ZSt12__relocate_aIPP16ConexionLenguajeS2_SaIS1_EET0_T_S5_S4_RT1_
DA:108,0
DA:110,0
DA:126,0
DA:145,0
DA:151,0
DA:331,0
DA:333,0
DA:349,0
DA:355,0
DA:356,0
DA:1006,10
DA:1009,10
DA:1010,10
DA:1011,1
DA:1012,10
DA:1040,10
DA:1046,10
DA:1048,10
end_of_record
SF:/usr/include/c++/11/ext/new_allocator.h
FN:79,_ZN9__gnu_cxx13new_allocatorIP16ConexionLenguajeEC2Ev
FNDA:21,_ZN9__gnu_cxx13new_allocatorIP16ConexionLenguajeEC2Ev
FN:82,_ZN9__gnu_cxx13new_allocatorIcEC2ERKS1_
FNDA:0,_ZN9__gnu_cxx13new_allocatorIcEC2ERKS1_
FN:89,_ZN9__gnu_cxx13new_allocatorIcED2Ev
FNDA:0,_ZN9__gnu_cxx13new_allocatorIcED2Ev
FN:103,_ZN9__gnu_cxx13new_allocatorIP16ConexionLenguajeE8allocateEmPKv
FNDA:11,_ZN9__gnu_cxx13new_allocatorIP16ConexionLenguajeE8allocateEmPKv
FN:132,_ZN9__gnu_cxx13new_allocatorIP16ConexionLenguajeE10deallocateEPS2_m
FNDA:7,_ZN9__gnu_cxx13new_allocatorIP16ConexionLenguajeE10deallocateEPS2_m
FN:154,_ZNK9__gnu_cxx13new_allocatorIP16ConexionLenguajeE8max_sizeEv
FNDA:16,_ZNK9__gnu_cxx13new_allocatorIP16ConexionLenguajeE8max_sizeEv
FN:160,_ZN9__gnu_cxx13new_allocatorIP16ConexionLenguajeE9constructIS2_JRKS2_EEEvPT_DpOT0_
FNDA:12,_ZN9__gnu_cxx13new_allocatorIP16ConexionLenguajeE9constructIS2_JRKS2_EEEvPT_DpOT0_
FN:166,_ZN9__gnu_cxx13new_allocatorIP16ConexionLenguajeE7destroyIS2_EEvPT_
FNDA:13,_ZN9__gnu_cxx13new_allocatorIP16ConexionLenguajeE7destroyIS2_EEvPT_
FN:197,_ZNK9__gnu_cxx13new_allocatorIP16ConexionLenguajeE11_M_max_sizeEv
FNDA:27,_ZNK9__gnu_cxx13new_allocatorIP16ConexionLenguajeE11_M_max_sizeEv
DA:79,21
DA:82,0
DA:89,0
DA:103,11
DA:111,11
DA:115,0
DA:116,0
DA:117,0
DA:127,11
DA:132,7
DA:145,7
DA:150,7
DA:154,16
DA:155,16
DA:160,12
DA:162,12
DA:166,13
DA:168,13
DA:197,27
DA:200,27
end_of_record
TN:
SF:/usr/include/c++/11/bits/basic_string.tcc
FN:206,_ZNSt7__cxx1112basic_stringIcSt11char_traitsIcESaIcEE12_M_constructIPcEEvT_S7_St20forward_iterator_tag
FNDA:0,_ZNSt7__cxx1112basic_stringIcSt11char_traitsIcESaIcEE12_M_constructIPcEEvT_S7_St20forward_iterator_tag
FN:206,_ZNSt7__cxx1112basic_stringIcSt11char_traitsIcESaIcEE12_M_constructIPKcEEvT_S8_St20forward_iterator_tag
FNDA:0,_ZNSt7__cxx1112basic_stringIcSt11char_traitsIcESaIcEE12_M_constructIPKcEEvT_S8_St20forward_iterator_tag
DA:206,0
DA:211,0
DA:212,0
DA:215,0
DA:217,0
DA:219,0
DA:220,0
DA:225,0
DA:226,0
DA:228,0
DA:229,0
DA:232,0
DA:233,0
DA:206,0
DA:211,0
DA:212,0
DA:215,0
DA:217,0
DA:219,0
DA:220,0
DA:225,0
DA:226,0
DA:228,0
DA:229,0
DA:232,0
DA:233,0
end_of_record
SF:/usr/include/c++/11/ext/type_traits.h
FN:152,_ZN9__gnu_cxx17__is_null_pointerIcEEbPT_
FNDA:0,_ZN9__gnu_cxx17__is_null_pointerIcEEbPT_
FN:152,_ZN9__gnu_cxx17__is_null_pointerIKcEEbPT_
FNDA:0,_ZN9__gnu_cxx17__is_null_pointerIKcEEbPT_
DA:152,0
DA:153,0
DA:152,0
DA:153,0
end_of_record
SF:/usr/include/c++/11/bits/stl_algobase.h
FN:230,_ZSt3minImERKT_S2_S2_
FNDA:0,_ZSt3minImERKT_S2_S2_
FN:254,_ZSt3maxImERKT_S2_S2_
FNDA:0,_ZSt3maxImERKT_S2_S2_
FN:313,_ZSt12__niter_baseIPP10InterpreteET_S3_
FNDA:18,_ZSt12__niter_baseIPP10InterpreteET_S3_
FN:313,_ZSt12__niter_baseIPP9TraductorET_S3_
FNDA:24,_ZSt12__niter_baseIPP9TraductorET_S3_
FN:313,_ZSt12__niter_baseIPP16ConexionLenguajeET_S3_
FNDA:0,_ZSt12__niter_baseIPP16ConexionLenguajeET_S3_
FN:313,_ZSt12__niter_baseIPP12ProgramaBaseET_S3_
FNDA:30,_ZSt12__niter_baseIPP12ProgramaBaseET_S3_
FN:313,_ZSt12__niter_baseIPKP16ConexionLenguajeET_S4_
FNDA:12,_ZSt12__niter_baseIPKP16ConexionLenguajeET_S4_
FN:328,_ZSt12__niter_wrapIN9__gnu_cxx17__normal_iteratorIPP12ProgramaBaseSt6vectorIS3_SaIS3_EEEES4_ET_S9_T0_
FNDA:1,_ZSt12__niter_wrapIN9__gnu_cxx17__normal_iteratorIPP12ProgramaBaseSt6vectorIS3_SaIS3_EEEES4_ET_S9_T0_
FN:335,_ZSt12__niter_wrapIPP12ProgramaBaseET_RKS3_S3_
FNDA:0,_ZSt12__niter_wrapIPP12ProgramaBaseET_RKS3_S3_
FN:335,_ZSt12__niter_wrapIPP9TraductorET_RKS3_S3_
FNDA:0,_ZSt12__niter_wrapIPP9TraductorET_RKS3_S3_
FN:335,_ZSt12__niter_wrapIPP10InterpreteET_RKS3_S3_
FNDA:0,_ZSt12__niter_wrapIPP10InterpreteET_RKS3_S3_
FN:335,_ZSt12__niter_wrapIPP16ConexionLenguajeET_RKS3_S3_
FNDA:0,_ZSt12__niter_wrapIPP16ConexionLenguajeET_RKS3_S3_
FN:420,_ZNSt11__copy_moveILb1ELb1ESt26random_access_iterator_tagE8__copy_mIP9TraductorEEPT_PKS5_S8_S6_
FNDA:0,_ZNSt11__copy_moveILb1ELb1ESt26random_access_iterator_tagE8__copy_mIP9TraductorEEPT_PKS5_S8_S6_
FN:420,_ZNSt11__copy_moveILb1ELb1ESt26random_access_iterator_tagE8__copy_mIP12ProgramaBaseEEPT_PKS5_S8_S6_
FNDA:1,_ZNSt11__copy_moveILb1ELb1ESt26random_access_iterator_tagE8__copy_mIP12ProgramaBaseEEPT_PKS5_S8_S6_
FN:420,_ZNSt11__copy_moveILb1ELb1ESt26random_access_iterator_tagE8__copy_mIP16ConexionLenguajeEEPT_PKS5_S8_S6_
FNDA:0,_ZNSt11__copy_moveILb1ELb1ESt26random_access_iterator_tagE8__copy_mIP16ConexionLenguajeEEPT_PKS5_S8_S6_
FN:420,_ZNSt11__copy_moveILb1ELb1ESt26random_access_iterator_tagE8__copy_mIP10InterpreteEEPT_PKS5_S8_S6_
FNDA:0,_ZNSt11__copy_moveILb1ELb1ESt26random_access_iterator_tagE8__copy_mIP10InterpreteEEPT_PKS5_S8_S6_
FN:420,_ZNSt11__copy_moveILb0ELb1ESt26random_access_iterator_tagE8__copy_mIP16ConexionLenguajeEEPT_PKS5_S8_S6_
FNDA:6,_ZNSt11__copy_moveILb0ELb1ESt26random_access_iterator_tagE8__copy_mIP16ConexionLenguajeEEPT_PKS5_S8_S6_
FN:486,_ZSt14__copy_move_a2ILb1EPP16ConexionLenguajeS2_ET1_T0_S4_S3_
FNDA:0,_ZSt14__copy_move_a2ILb1EPP16ConexionLenguajeS2_ET1_T0_S4_S3_
FN:486,_ZSt14__copy_move_a2ILb0EPKP16ConexionLenguajePS1_ET1_T0_S6_S5_
FNDA:6,_ZSt14__copy_move_a2ILb0EPKP16ConexionLenguajePS1_ET1_T0_S6_S5_
FN:486,_ZSt14__copy_move_a2ILb1EPP9TraductorS2_ET1_T0_S4_S3_
FNDA:0,_ZSt14__copy_move_a2ILb1EPP9TraductorS2_ET1_T0_S4_S3_
FN:486,_ZSt14__copy_move_a2ILb1EPP12ProgramaBaseS2_ET1_T0_S4_S3_
FNDA:1,_ZSt14__copy_move_a2ILb1EPP12ProgramaBaseS2_ET1_T0_S4_S3_
FN:486,_ZSt14__copy_move_a2ILb1EPP10InterpreteS2_ET1_T0_S4_S3_
FNDA:0,_ZSt14__copy_move_a2ILb1EPP10InterpreteS2_ET1_T0_S4_S3_
FN:521,_ZSt14__copy_move_a1ILb1EPP10InterpreteS2_ET1_T0_S4_S3_
FNDA:0,_ZSt14__copy_move_a1ILb1EPP10InterpreteS2_ET1_T0_S4_S3_
FN:521,_ZSt14__copy_move_a1ILb0EPKP16ConexionLenguajePS1_ET1_T0_S6_S5_
FNDA:6,_ZSt14__copy_move_a1ILb0EPKP16ConexionLenguajePS1_ET1_T0_S6_S5_
FN:521,_ZSt14__copy_move_a1ILb1EPP9TraductorS2_ET1_T0_S4_S3_
FNDA:0,_ZSt14__copy_move_a1ILb1EPP9TraductorS2_ET1_T0_S4_S3_
FN:521,_ZSt14__copy_move_a1ILb1EPP12ProgramaBaseS2_ET1_T0_S4_S3_
FNDA:1,_ZSt14__copy_move_a1ILb1EPP12ProgramaBaseS2_ET1_T0_S4_S3_
FN:521,_ZSt14__copy_move_a1ILb1EPP16ConexionLenguajeS2_ET1_T0_S4_S3_
FNDA:0,_ZSt14__copy_move_a1ILb1EPP16ConexionLenguajeS2_ET1_T0_S4_S3_
FN:527,_ZSt13__copy_move_aILb1EPP16ConexionLenguajeS2_ET1_T0_S4_S3_
FNDA:0,_ZSt13__copy_move_aILb1EPP16ConexionLenguajeS2_ET1_T0_S4_S3_
FN:527,_ZSt13__copy_move_aILb1EN9__gnu_cxx17__normal_iteratorIPP12ProgramaBaseSt6vectorIS3_SaIS3_EEEES8_ET1_T0_SA_S9_
FNDA:1,_ZSt13__copy_move_aILb1EN9__gnu_cxx17__normal_iteratorIPP12ProgramaBaseSt6vectorIS3_SaIS3_EEEES8_ET1_T0_SA_S9_
FN:527,_ZSt13__copy_move_aILb0EPKP16ConexionLenguajePS1_ET1_T0_S6_S5_
FNDA:6,_ZSt13__copy_move_aILb0EPKP16ConexionLenguajePS1_ET1_T0_S6_S5_
FN:527,_ZSt13__copy_move_aILb1EPP10InterpreteS2_ET1_T0_S4_S3_
FNDA:0,_ZSt13__copy_move_aILb1EPP10InterpreteS2_ET1_T0_S4_S3_
FN:527,_ZSt13__copy_move_aILb1EPP9TraductorS2_ET1_T0_S4_S3_
FNDA:0,_ZSt13__copy_move_aILb1EPP9TraductorS2_ET1_T0_S4_S3_
FN:527,_ZSt13__copy_move_aILb1EPP12ProgramaBaseS2_ET1_T0_S4_S3_
FNDA:0,_ZSt13__copy_move_aILb1EPP12ProgramaBaseS2_ET1_T0_S4_S3_
FN:611,_ZSt4copyIPKP16ConexionLenguajePS1_ET0_T_S6_S5_
FNDA:6,_ZSt4copyIPKP16ConexionLenguajePS1_ET0_T_S6_S5_
FN:611,_ZSt4copyISt13move_iteratorIPP10InterpreteES3_ET0_T_S6_S5_
FNDA:0,_ZSt4copyISt13move_iteratorIPP10InterpreteES3_ET0_T_S6_S5_
FN:611,_ZSt4copyISt13move_iteratorIPP9TraductorES3_ET0_T_S6_S5_
FNDA:0,_ZSt4copyISt13move_iteratorIPP9TraductorES3_ET0_T_S6_S5_
FN:611,_ZSt4copyISt13move_iteratorIPP16ConexionLenguajeES3_ET0_T_S6_S5_
FNDA:0,_ZSt4copyISt13move_iteratorIPP16ConexionLenguajeES3_ET0_T_S6_S5_
FN:611,_ZSt4copyISt13move_iteratorIPP12ProgramaBaseES3_ET0_T_S6_S5_
FNDA:0,_ZSt4copyISt13move_iteratorIPP12ProgramaBaseES3_ET0_T_S6_S5_
FN:644,_ZSt4moveIN9__gnu_cxx17__normal_iteratorIPP12ProgramaBaseSt6vectorIS3_SaIS3_EEEES8_ET0_T_SA_S9_
FNDA:1,_ZSt4moveIN9__gnu_cxx17__normal_iteratorIPP12ProgramaBaseSt6vectorIS3_SaIS3_EEEES8_ET0_T_SA_S9_
DA:230,0
DA:235,0
DA:236,0
DA:237,0
DA:254,0
DA:259,0
DA:260,0
DA:261,0
DA:313,12
DA:315,12
DA:313,30
DA:315,30
DA:313,0
DA:315,0
DA:313,24
DA:315,24
DA:313,18
DA:315,18
DA:328,1
DA:329,1
DA:335,0
DA:336,0
DA:335,0
DA:336,0
DA:335,0
DA:336,0
DA:335,0
DA:336,0
DA:420,0
DA:429,0
DA:430,0
DA:431,0
DA:432,0
DA:420,0
DA:429,0
DA:430,0
DA:431,0
DA:432,0
DA:420,0
DA:429,0
DA:430,0
DA:431,0
DA:432,0
DA:420,6
DA:429,6
DA:430,6
DA:431,6
DA:432,6
DA:420,1
DA:429,1
DA:430,1
DA:431,1
DA:432,1
DA:486,0
DA:495,0
DA:486,0
DA:495,0
DA:486,0
DA:495,0
DA:486,6
DA:495,6
DA:486,1
DA:495,1
DA:521,0
DA:522,0
DA:521,0
DA:522,0
DA:521,0
DA:522,0
DA:521,6
DA:522,6
DA:521,1
DA:522,1
DA:527,0
DA:529,0
DA:532,0
DA:527,0
DA:529,0
DA:532,0
DA:527,0
DA:529,0
DA:532,0
DA:527,0
DA:529,0
DA:532,0
DA:527,6
DA:529,6
DA:532,6
DA:527,1
DA:529,1
DA:532,1
DA:611,0
DA:620,0
DA:611,0
DA:620,0
DA:611,0
DA:620,0
DA:611,0
DA:620,0
DA:611,6
DA:620,6
DA:644,1
DA:652,1
DA:653,1
end_of_record
SF:/usr/include/c++/11/bits/move.h
FN:49,_ZSt11__addressofINSt8__detail10_Hash_nodeINSt7__cxx1112basic_stringIcSt11char_traitsIcESaIcEEELb1EEEEPT_RS9_
FNDA:13,_ZSt11__addressofINSt8__detail10_Hash_nodeINSt7__cxx1112basic_stringIcSt11char_traitsIcESaIcEEELb1EEEEPT_RS9_
FN:49,_ZSt11__addressofIPNSt8__detail15_Hash_node_baseEEPT_RS3_
FNDA:22,_ZSt11__addressofIPNSt8__detail15_Hash_node_baseEEPT_RS3_
FN:49,_ZSt11__addressofINSt8__detail10_Hash_nodeISt4pairIKNSt7__cxx1112basic_stringIcSt11char_traitsIcESaIcEEEP16ConexionLenguajeELb1EEEEPT_RSE_
FNDA:15,_ZSt11__addressofINSt8__detail10_Hash_nodeISt4pairIKNSt7__cxx1112basic_stringIcSt11char_traitsIcESaIcEEEP16ConexionLenguajeELb1EEEEPT_RSE_
FN:49,_ZSt11__addressofINSt8__detail10_Hash_nodeISt4pairIKNSt7__cxx1112basic_stringIcSt11char_traitsIcESaIcEEESt6vectorIP10InterpreteSaISC_EEELb1EEEEPT_RSH_
FNDA:3,_ZSt11__addressofINSt8__detail10_Hash_nodeISt4pairIKNSt7__cxx1112basic_stringIcSt11char_traitsIcESaIcEEESt6vectorIP10InterpreteSaISC_EEELb1EEEEPT_RSH_
FN:49,_ZSt11__addressofINSt8__detail10_Hash_nodeISt4pairIKNSt7__cxx1112basic_stringIcSt11char_traitsIcESaIcEEESt6vectorIP9TraductorSaISC_EEELb1EEEEPT_RSH_
FNDA:3,_ZSt11__addressofINSt8__detail10_Hash_nodeISt4pairIKNSt7__cxx1112basic_stringIcSt11char_traitsIcESaIcEEESt6vectorIP9TraductorSaISC_EEELb1EEEEPT_RSH_
FN:49,_ZSt11__addressofINSt8__detail10_Hash_nodeISt4pairIKNSt7__cxx1112basic_stringIcSt11char_traitsIcESaIcEEEP8ProgramaELb1EEEEPT_RSE_
FNDA:4,_ZSt11__addressofINSt8__detail10_Hash_nodeISt4pairIKNSt7__cxx1112basic_stringIcSt11char_traitsIcESaIcEEEP8ProgramaELb1EEEEPT_RSE_
FN:49,_ZSt11__addressofINSt8__detail10_Hash_nodeISt4pairIKNSt7__cxx1112basic_stringIcSt11char_traitsIcESaIcEEEbELb1EEEEPT_RSC_
FNDA:15,_ZSt11__addressofINSt8__detail10_Hash_nodeISt4pairIKNSt7__cxx1112basic_stringIcSt11char_traitsIcESaIcEEEbELb1EEEEPT_RSC_
FN:77,_ZSt7forwardISt5tupleIJRKNSt7__cxx1112basic_stringIcSt11char_traitsIcESaIcEEEEEEOT_RNSt16remove_referenceISA_E4typeE
FNDA:120,_ZSt7forwardISt5tupleIJRKNSt7__cxx1112basic_stringIcSt11char_traitsIcESaIcEEEEEEOT_RNSt16remove_referenceISA_E4typeE
FN:77,_ZSt7forwardIRKNSt7__cxx1112basic_stringIcSt11char_traitsIcESaIcEEEEOT_RNSt16remove_referenceIS8_E4typeE
FNDA:110,_ZSt7forwardIRKNSt7__cxx1112basic_stringIcSt11char_traitsIcESaIcEEEEOT_RNSt16remove_referenceIS8_E4typeE
FN:77,_ZSt7forwardINSt8__detail14_Node_iteratorINSt7__cxx1112basic_stringIcSt11char_traitsIcESaIcEEELb1ELb1EEEEOT_RNSt16remove_referenceIS9_E4typeE
FNDA:0,_ZSt7forwardINSt8__detail14_Node_iteratorINSt7__cxx1112basic_stringIcSt11char_traitsIcESaIcEEELb1ELb1EEEEOT_RNSt16remove_referenceIS9_E4typeE
FN:77,_ZSt7forwardIRNSt8__detail14_Node_iteratorINSt7__cxx1112basic_stringIcSt11char_traitsIcESaIcEEELb1ELb1EEEEOT_RNSt16remove_referenceISA_E4typeE
FNDA:13,_ZSt7forwardIRNSt8__detail14_Node_iteratorINSt7__cxx1112basic_stringIcSt11char_traitsIcESaIcEEELb1ELb1EEEEOT_RNSt16remove_referenceISA_E4typeE
FN:77,_ZSt7forwardISt5tupleIJONSt7__cxx1112basic_stringIcSt11char_traitsIcESaIcEEEEEEOT_RNSt16remove_referenceIS9_E4typeE
FNDA:40,_ZSt7forwardISt5tupleIJONSt7__cxx1112basic_stringIcSt11char_traitsIcESaIcEEEEEEOT_RNSt16remove_referenceIS9_E4typeE
FN:77,_ZSt7forwardIRKSt21piecewise_construct_tEOT_RNSt16remove_referenceIS3_E4typeE
FNDA:160,_ZSt7forwardIRKSt21piecewise_construct_tEOT_RNSt16remove_referenceIS3_E4typeE
FN:77,_ZSt7forwardINSt7__cxx1112basic_stringIcSt11char_traitsIcESaIcEEEEOT_RNSt16remove_referenceIS6_E4typeE
FNDA:82,_ZSt7forwardINSt7__cxx1112basic_stringIcSt11char_traitsIcESaIcEEEEOT_RNSt16remove_referenceIS6_E4typeE
FN:77,_ZSt7forwardIRKP16ConexionLenguajeEOT_RNSt16remove_referenceIS4_E4typeE
FNDA:0,_ZSt7forwardIRKP16ConexionLenguajeEOT_RNSt16remove_referenceIS4_E4typeE
FN:77,_ZSt7forwardIRKP9TraductorEOT_RNSt16remove_referenceIS4_E4typeE
FNDA:12,_ZSt7forwardIRKP9TraductorEOT_RNSt16remove_referenceIS4_E4typeE
FN:77,_ZSt7forwardISt5tupleIJEEEOT_RNSt16remove_referenceIS2_E4typeE
FNDA:160,_ZSt7forwardISt5tupleIJEEEOT_RNSt16remove_referenceIS2_E4typeE
FN:77,_ZSt7forwardIRKP10InterpreteEOT_RNSt16remove_referenceIS4_E4typeE
FNDA:9,_ZSt7forwardIRKP10InterpreteEOT_RNSt16remove_referenceIS4_E4typeE
FN:77,_ZSt7forwardIP12ProgramaBaseEOT_RNSt16remove_referenceIS2_E4typeE
FNDA:26,_ZSt7forwardIP12ProgramaBaseEOT_RNSt16remove_referenceIS2_E4typeE
FN:77,_ZSt7forwardIRKSt4pairIKNSt7__cxx1112basic_stringIcSt11char_traitsIcESaIcEEEbEEOT_RNSt16remove_referenceISB_E4typeE
FNDA:42,_ZSt7forwardIRKSt4pairIKNSt7__cxx1112basic_stringIcSt11char_traitsIcESaIcEEEbEEOT_RNSt16remove_referenceISB_E4typeE
FN:77,_ZSt7forwardIRKSt4pairIKNSt7__cxx1112basic_stringIcSt11char_traitsIcESaIcEEEP16ConexionLenguajeEEOT_RNSt16remove_referenceISD_E4typeE
FNDA:48,_ZSt7forwardIRKSt4pairIKNSt7__cxx1112basic_stringIcSt11char_traitsIcESaIcEEEP16ConexionLenguajeEEOT_RNSt16remove_referenceISD_E4typeE
FN:77,_ZSt7forwardIRKSt4pairIKNSt7__cxx1112basic_stringIcSt11char_traitsIcESaIcEEESt6vectorIP10InterpreteSaISA_EEEEOT_RNSt16remove_referenceISG_E4typeE
FNDA:4,_ZSt7forwardIRKSt4pairIKNSt7__cxx1112basic_stringIcSt11char_traitsIcESaIcEEESt6vectorIP10InterpreteSaISA_EEEEOT_RNSt16remove_referenceISG_E4typeE
FN:77,_ZSt7forwardIbEOT_RNSt16remove_referenceIS0_E4typeE
FNDA:13,_ZSt7forwardIbEOT_RNSt16remove_referenceIS0_E4typeE
FN:77,_ZSt7forwardIRKSt4pairIKNSt7__cxx1112basic_stringIcSt11char_traitsIcESaIcEEESt6vectorIP9TraductorSaISA_EEEEOT_RNSt16remove_referenceISG_E4typeE
FNDA:6,_ZSt7forwardIRKSt4pairIKNSt7__cxx1112basic_stringIcSt11char_traitsIcESaIcEEESt6vectorIP9TraductorSaISA_EEEEOT_RNSt16remove_referenceISG_E4typeE
FN:77,_ZSt7forwardIRKSt4pairIKNSt7__cxx1112basic_stringIcSt11char_traitsIcESaIcEEEP8ProgramaEEOT_RNSt16remove_referenceISD_E4typeE
FNDA:11,_ZSt7forwardIRKSt4pairIKNSt7__cxx1112basic_stringIcSt11char_traitsIcESaIcEEEP8ProgramaEEOT_RNSt16remove_referenceISD_E4typeE
FN:77,_ZSt7forwardIONSt7__cxx1112basic_stringIcSt11char_traitsIcESaIcEEEEOT_RNSt16remove_referenceIS7_E4typeE
FNDA:10,_ZSt7forwardIONSt7__cxx1112basic_stringIcSt11char_traitsIcESaIcEEEEOT_RNSt16remove_referenceIS7_E4typeE
FN:104,_ZSt4moveIRP12ProgramaBaseEONSt16remove_referenceIT_E4typeEOS4_
FNDA:7,_ZSt4moveIRP12ProgramaBaseEONSt16remove_referenceIT_E4typeEOS4_
FN:104,_ZSt4moveIRNSt7__cxx1112basic_stringIcSt11char_traitsIcESaIcEEEEONSt16remove_referenceIT_E4typeEOS8_
FNDA:68,_ZSt4moveIRNSt7__cxx1112basic_stringIcSt11char_traitsIcESaIcEEEEONSt16remove_referenceIT_E4typeEOS8_
FN:104,_ZSt4moveIRSaIcEEONSt16remove_referenceIT_E4typeEOS3_
FNDA:0,_ZSt4moveIRSaIcEEONSt16remove_referenceIT_E4typeEOS3_
FN:104,_ZSt4moveIRPP10InterpreteEONSt16remove_referenceIT_E4typeEOS5_
FNDA:0,_ZSt4moveIRPP10InterpreteEONSt16remove_referenceIT_E4typeEOS5_
FN:104,_ZSt4moveIRPP9TraductorEONSt16remove_referenceIT_E4typeEOS5_
FNDA:0,_ZSt4moveIRPP9TraductorEONSt16remove_referenceIT_E4typeEOS5_
FN:104,_ZSt4moveIRPP16ConexionLenguajeEONSt16remove_referenceIT_E4typeEOS5_
FNDA:0,_ZSt4moveIRPP16ConexionLenguajeEONSt16remove_referenceIT_E4typeEOS5_
FN:104,_ZSt4moveIRPP12ProgramaBaseEONSt16remove_referenceIT_E4typeEOS5_
FNDA:0,_ZSt4moveIRPP12ProgramaBaseEONSt16remove_referenceIT_E4typeEOS5_
FN:145,_ZSt9addressofIPNSt8__detail15_Hash_node_baseEEPT_RS3_
FNDA:22,_ZSt9addressofIPNSt8__detail15_Hash_node_baseEEPT_RS3_
FN:145,_ZSt9addressofINSt8__detail10_Hash_nodeISt4pairIKNSt7__cxx1112basic_stringIcSt11char_traitsIcESaIcEEEP16ConexionLenguajeELb1EEEEPT_RSE_
FNDA:15,_ZSt9addressofINSt8__detail10_Hash_nodeISt4pairIKNSt7__cxx1112basic_stringIcSt11char_traitsIcESaIcEEEP16ConexionLenguajeELb1EEEEPT_RSE_
FN:145,_ZSt9addressofINSt8__detail10_Hash_nodeISt4pairIKNSt7__cxx1112basic_stringIcSt11char_traitsIcESaIcEEESt6vectorIP10InterpreteSaISC_EEELb1EEEEPT_RSH_
FNDA:3,_ZSt9addressofINSt8__detail10_Hash_nodeISt4pairIKNSt7__cxx1112basic_stringIcSt11char_traitsIcESaIcEEESt6vectorIP10InterpreteSaISC_EEELb1EEEEPT_RSH_
FN:145,_ZSt9addressofINSt8__detail10_Hash_nodeISt4pairIKNSt7__cxx1112basic_stringIcSt11char_traitsIcESaIcEEESt6vectorIP9TraductorSaISC_EEELb1EEEEPT_RSH_
FNDA:3,_ZSt9addressofINSt8__detail10_Hash_nodeISt4pairIKNSt7__cxx1112basic_stringIcSt11char_traitsIcESaIcEEESt6vectorIP9TraductorSaISC_EEELb1EEEEPT_RSH_
FN:145,_ZSt9addressofINSt8__detail10_Hash_nodeISt4pairIKNSt7__cxx1112basic_stringIcSt11char_traitsIcESaIcEEEP8ProgramaELb1EEEEPT_RSE_
FNDA:4,_ZSt9addressofINSt8__detail10_Hash_nodeISt4pairIKNSt7__cxx1112basic_stringIcSt11char_traitsIcESaIcEEEP8ProgramaELb1EEEEPT_RSE_
FN:145,_ZSt9addressofINSt8__detail10_Hash_nodeISt4pairIKNSt7__cxx1112basic_stringIcSt11char_traitsIcESaIcEEEbELb1EEEEPT_RSC_
FNDA:15,_ZSt9addressofINSt8__detail10_Hash_nodeISt4pairIKNSt7__cxx1112basic_stringIcSt11char_traitsIcESaIcEEEbELb1EEEEPT_RSC_
FN:145,_ZSt9addressofINSt8__detail10_Hash_nodeINSt7__cxx1112basic_stringIcSt11char_traitsIcESaIcEEELb1EEEEPT_RS9_
FNDA:13,_ZSt9addressofINSt8__detail10_Hash_nodeINSt7__cxx1112basic_stringIcSt11char_traitsIcESaIcEEELb1EEEEPT_RS9_
DA:49,13
DA:50,13
DA:49,15
DA:50,15
DA:49,4
DA:50,4
DA:49,3
DA:50,3
DA:49,3
DA:50,3
DA:49,15
DA:50,15
DA:49,22
DA:50,22
DA:77,120
DA:78,120
DA:77,13
DA:78,13
DA:77,26
DA:78,26
DA:77,9
DA:78,9
DA:77,12
DA:78,12
DA:77,0
DA:78,0
DA:77,82
DA:78,82
DA:77,160
DA:78,160
DA:77,40
DA:78,40
DA:77,160
DA:78,160
DA:77,10
DA:78,10
DA:77,110
DA:78,110
DA:77,0
DA:78,0
DA:77,13
DA:78,13
DA:77,42
DA:78,42
DA:77,48
DA:78,48
DA:77,4
DA:78,4
DA:77,6
DA:78,6
DA:77,11
DA:78,11
DA:104,0
DA:105,0
DA:104,0
DA:105,0
DA:104,0
DA:105,0
DA:104,0
DA:105,0
DA:104,7
DA:105,7
DA:104,68
DA:105,68
DA:104,0
DA:105,0
DA:145,13
DA:146,13
DA:145,15
DA:146,15
DA:145,4
DA:146,4
DA:145,3
DA:146,3
DA:145,3
DA:146,3
DA:145,15
DA:146,15
DA:145,22
DA:146,22
end_of_record
SF:/usr/include/c++/11/bits/cpp_type_traits.h
FN:560,_ZSt12__miter_baseIPP12ProgramaBaseET_S3_
FNDA:0,_ZSt12__miter_baseIPP12ProgramaBaseET_S3_
FN:560,_ZSt12__miter_baseIPP16ConexionLenguajeET_S3_
FNDA:0,_ZSt12__miter_baseIPP16ConexionLenguajeET_S3_
FN:560,_ZSt12__miter_baseIPP9TraductorET_S3_
FNDA:0,_ZSt12__miter_baseIPP9TraductorET_S3_
FN:560,_ZSt12__miter_baseIPP10InterpreteET_S3_
FNDA:0,_ZSt12__miter_baseIPP10InterpreteET_S3_
FN:560,_ZSt12__miter_baseIPKP16ConexionLenguajeET_S4_
FNDA:12,_ZSt12__miter_baseIPKP16ConexionLenguajeET_S4_
FN:560,_ZSt12__miter_baseIN9__gnu_cxx17__normal_iteratorIPP12ProgramaBaseSt6vectorIS3_SaIS3_EEEEET_S9_
FNDA:2,_ZSt12__miter_baseIN9__gnu_cxx17__normal_iteratorIPP12ProgramaBaseSt6vectorIS3_SaIS3_EEEEET_S9_
DA:560,0
DA:561,0
DA:560,0
DA:561,0
DA:560,0
DA:561,0
DA:560,0
DA:561,0
DA:560,12
DA:561,12
DA:560,2
DA:561,2
end_of_record
SF:/usr/include/c++/11/bits/stl_pair.h
FN:352,_ZNSt4pairINSt8__detail14_Node_iteratorINSt7__cxx1112basic_stringIcSt11char_traitsIcESaIcEEELb1ELb1EEEbEC2IRS8_bLb1EEEOT_OT0_
FNDA:13,_ZNSt4pairINSt8__detail14_Node_iteratorINSt7__cxx1112basic_stringIcSt11char_traitsIcESaIcEEELb1ELb1EEEbEC2IRS8_bLb1EEEOT_OT0_
FN:352,_ZNSt4pairINSt8__detail14_Node_iteratorINSt7__cxx1112basic_stringIcSt11char_traitsIcESaIcEEELb1ELb1EEEbEC2IS8_bLb1EEEOT_OT0_
FNDA:0,_ZNSt4pairINSt8__detail14_Node_iteratorINSt7__cxx1112basic_stringIcSt11char_traitsIcESaIcEEELb1ELb1EEEbEC2IS8_bLb1EEEOT_OT0_
DA:352,13
DA:353,13
DA:352,0
DA:353,0
end_of_record
SF:/usr/include/c++/11/bits/basic_string.h
FN:251,_ZNSt7__cxx1112basic_stringIcSt11char_traitsIcESaIcEE16_M_construct_auxIPcEEvT_S7_St12__false_type
FNDA:0,_ZNSt7__cxx1112basic_stringIcSt11char_traitsIcESaIcEE16_M_construct_auxIPcEEvT_S7_St12__false_type
FN:271,_ZNSt7__cxx1112basic_stringIcSt11char_traitsIcESaIcEE12_M_constructIPcEEvT_S7_
FNDA:0,_ZNSt7__cxx1112basic_stringIcSt11char_traitsIcESaIcEE12_M_constructIPcEEvT_S7_
FN:6234,_ZSteqIcEN9__gnu_cxx11__enable_ifIXsrSt9__is_charIT_E7__valueEbE6__typeERKNSt7__cxx1112basic_stringIS3_St11char_traitsIS3_ESaIS3_EEESE_
FNDA:116,_ZSteqIcEN9__gnu_cxx11__enable_ifIXsrSt9__is_charIT_E7__valueEbE6__typeERKNSt7__cxx1112basic_stringIS3_St11char_traitsIS3_ESaIS3_EEESE_
FN:6248,_ZSteqIcSt11char_traitsIcESaIcEEbRKNSt7__cxx1112basic_stringIT_T0_T1_EEPKS5_
FNDA:15,_ZSteqIcSt11char_traitsIcESaIcEEbRKNSt7__cxx1112basic_stringIT_T0_T1_EEPKS5_
FN:6875,_ZNKSt4hashINSt7__cxx1112basic_stringIcSt11char_traitsIcESaIcEEEEclERKS5_
FNDA:208,_ZNKSt4hashINSt7__cxx1112basic_stringIcSt11char_traitsIcESaIcEEEEclERKS5_
DA:251,0
DA:255,0
DA:256,0
DA:271,0
DA:274,0
DA:275,0
DA:6234,116
DA:6236,116
DA:6237,116
DA:6238,116
DA:6248,15
DA:6250,15
DA:6875,208
DA:6876,208
end_of_record
SF:/usr/include/c++/11/bits/hashtable.h
FN:297,_ZNSt10_HashtableINSt7__cxx1112basic_stringIcSt11char_traitsIcESaIcEEES5_SaIS5_ENSt8__detail9_IdentityESt8equal_toIS5_ESt4hashIS5_ENS7_18_Mod_range_hashingENS7_20_Default_ranged_hashENS7_20_Prime_rehash_policyENS7_17_Hashtable_traitsILb1ELb1ELb1EEEE12_Scoped_nodeC2EPNS7_10_Hash_nodeIS5_Lb1EEEPNS7_16_Hashtable_allocISaISL_EEE
FNDA:13,_ZNSt10_HashtableINSt7__cxx1112basic_stringIcSt11char_traitsIcESaIcEEES5_SaIS5_ENSt8__detail9_IdentityESt8equal_toIS5_ESt4hashIS5_ENS7_18_Mod_range_hashingENS7_20_Default_ranged_hashENS7_20_Prime_rehash_policyENS7_17_Hashtable_traitsILb1ELb1ELb1EEEE12_Scoped_nodeC2EPNS7_10_Hash_nodeIS5_Lb1EEEPNS7_16_Hashtable_allocISaISL_EEE
FN:302,_ZNSt10_HashtableINSt7__cxx1112basic_stringIcSt11char_traitsIcESaIcEEESt4pairIKS5_St6vectorIP10InterpreteSaISA_EEESaISD_ENSt8__detail10_Select1stESt8equal_toIS5_ESt4hashIS5_ENSF_18_Mod_range_hashingENSF_20_Default_ranged_hashENSF_20_Prime_rehash_policyENSF_17_Hashtable_traitsILb1ELb0ELb1EEEE12_Scoped_nodeC2IJRKSt21piecewise_construct_tSt5tupleIJRS7_EESW_IJEEEEEPNSF_16_Hashtable_allocISaINSF_10_Hash_nodeISD_Lb1EEEEEEDpOT_
FNDA:3,_ZNSt10_HashtableINSt7__cxx1112basic_stringIcSt11char_traitsIcESaIcEEESt4pairIKS5_St6vectorIP10InterpreteSaISA_EEESaISD_ENSt8__detail10_Select1stESt8equal_toIS5_ESt4hashIS5_ENSF_18_Mod_range_hashingENSF_20_Default_ranged_hashENSF_20_Prime_rehash_policyENSF_17_Hashtable_traitsILb1ELb0ELb1EEEE12_Scoped_nodeC2IJRKSt21piecewise_construct_tSt5tupleIJRS7_EESW_IJEEEEEPNSF_16_Hashtable_allocISaINSF_10_Hash_nodeISD_Lb1EEEEEEDpOT_
FN:302,_ZNSt10_HashtableINSt7__cxx1112basic_stringIcSt11char_traitsIcESaIcEEESt4pairIKS5_bESaIS8_ENSt8__detail10_Select1stESt8equal_toIS5_ESt4hashIS5_ENSA_18_Mod_range_hashingENSA_20_Default_ranged_hashENSA_20_Prime_rehash_policyENSA_17_Hashtable_traitsILb1ELb0ELb1EEEE12_Scoped_nodeC2IJRKSt21piecewise_construct_tSt5tupleIJOS5_EESR_IJEEEEEPNSA_16_Hashtable_allocISaINSA_10_Hash_nodeIS8_Lb1EEEEEEDpOT_
FNDA:5,_ZNSt10_HashtableINSt7__cxx1112basic_stringIcSt11char_traitsIcESaIcEEESt4pairIKS5_bESaIS8_ENSt8__detail10_Select1stESt8equal_toIS5_ESt4hashIS5_ENSA_18_Mod_range_hashingENSA_20_Default_ranged_hashENSA_20_Prime_rehash_policyENSA_17_Hashtable_traitsILb1ELb0ELb1EEEE12_Scoped_nodeC2IJRKSt21piecewise_construct_tSt5tupleIJOS5_EESR_IJEEEEEPNSA_16_Hashtable_allocISaINSA_10_Hash_nodeIS8_Lb1EEEEEEDpOT_
FN:302,_ZNSt10_HashtableINSt7__cxx1112basic_stringIcSt11char_traitsIcESaIcEEESt4pairIKS5_P8ProgramaESaISA_ENSt8__detail10_Select1stESt8equal_toIS5_ESt4hashIS5_ENSC_18_Mod_range_hashingENSC_20_Default_ranged_hashENSC_20_Prime_rehash_policyENSC_17_Hashtable_traitsILb1ELb0ELb1EEEE12_Scoped_nodeC2IJRKSt21piecewise_construct_tSt5tupleIJRS7_EEST_IJEEEEEPNSC_16_Hashtable_allocISaINSC_10_Hash_nodeISA_Lb1EEEEEEDpOT_
FNDA:4,_ZNSt10_HashtableINSt7__cxx1112basic_stringIcSt11char_traitsIcESaIcEEESt4pairIKS5_P8ProgramaESaISA_ENSt8__detail10_Select1stESt8equal_toIS5_ESt4hashIS5_ENSC_18_Mod_range_hashingENSC_20_Default_ranged_hashENSC_20_Prime_rehash_policyENSC_17_Hashtable_traitsILb1ELb0ELb1EEEE12_Scoped_nodeC2IJRKSt21piecewise_construct_tSt5tupleIJRS7_EEST_IJEEEEEPNSC_16_Hashtable_allocISaINSC_10_Hash_nodeISA_Lb1EEEEEEDpOT_
FN:302,_ZNSt10_HashtableINSt7__cxx1112basic_stringIcSt11char_traitsIcESaIcEEESt4pairIKS5_P16ConexionLenguajeESaISA_ENSt8__detail10_Select1stESt8equal_toIS5_ESt4hashIS5_ENSC_18_Mod_range_hashingENSC_20_Default_ranged_hashENSC_20_Prime_rehash_policyENSC_17_Hashtable_traitsILb1ELb0ELb1EEEE12_Scoped_nodeC2IJRKSt21piecewise_construct_tSt5tupleIJOS5_EEST_IJEEEEEPNSC_16_Hashtable_allocISaINSC_10_Hash_nodeISA_Lb1EEEEEEDpOT_
FNDA:5,_ZNSt10_HashtableINSt7__cxx1112basic_stringIcSt11char_traitsIcESaIcEEESt4pairIKS5_P16ConexionLenguajeESaISA_ENSt8__detail10_Select1stESt8equal_toIS5_ESt4hashIS5_ENSC_18_Mod_range_hashingENSC_20_Default_ranged_hashENSC_20_Prime_rehash_policyENSC_17_Hashtable_traitsILb1ELb0ELb1EEEE12_Scoped_nodeC2IJRKSt21piecewise_construct_tSt5tupleIJOS5_EEST_IJEEEEEPNSC_16_Hashtable_allocISaINSC_10_Hash_nodeISA_Lb1EEEEEEDpOT_
FN:302,_ZNSt10_HashtableINSt7__cxx1112basic_stringIcSt11char_traitsIcESaIcEEESt4pairIKS5_P16ConexionLenguajeESaISA_ENSt8__detail10_Select1stESt8equal_toIS5_ESt4hashIS5_ENSC_18_Mod_range_hashingENSC_20_Default_ranged_hashENSC_20_Prime_rehash_policyENSC_17_Hashtable_traitsILb1ELb0ELb1EEEE12_Scoped_nodeC2IJRKSt21piecewise_construct_tSt5tupleIJRS7_EEST_IJEEEEEPNSC_16_Hashtable_allocISaINSC_10_Hash_nodeISA_Lb1EEEEEEDpOT_
FNDA:10,_ZNSt10_HashtableINSt7__cxx1112basic_stringIcSt11char_traitsIcESaIcEEESt4pairIKS5_P16ConexionLenguajeESaISA_ENSt8__detail10_Select1stESt8equal_toIS5_ESt4hashIS5_ENSC_18_Mod_range_hashingENSC_20_Default_ranged_hashENSC_20_Prime_rehash_policyENSC_17_Hashtable_traitsILb1ELb0ELb1EEEE12_Scoped_nodeC2IJRKSt21piecewise_construct_tSt5tupleIJRS7_EEST_IJEEEEEPNSC_16_Hashtable_allocISaINSC_10_Hash_nodeISA_Lb1EEEEEEDpOT_
FN:302,_ZNSt10_HashtableINSt7__cxx1112basic_stringIcSt11char_traitsIcESaIcEEESt4pairIKS5_bESaIS8_ENSt8__detail10_Select1stESt8equal_toIS5_ESt4hashIS5_ENSA_18_Mod_range_hashingENSA_20_Default_ranged_hashENSA_20_Prime_rehash_policyENSA_17_Hashtable_traitsILb1ELb0ELb1EEEE12_Scoped_nodeC2IJRKSt21piecewise_construct_tSt5tupleIJRS7_EESR_IJEEEEEPNSA_16_Hashtable_allocISaINSA_10_Hash_nodeIS8_Lb1EEEEEEDpOT_
FNDA:10,_ZNSt10_HashtableINSt7__cxx1112basic_stringIcSt11char_traitsIcESaIcEEESt4pairIKS5_bESaIS8_ENSt8__detail10_Select1stESt8equal_toIS5_ESt4hashIS5_ENSA_18_Mod_range_hashingENSA_20_Default_ranged_hashENSA_20_Prime_rehash_policyENSA_17_Hashtable_traitsILb1ELb0ELb1EEEE12_Scoped_nodeC2IJRKSt21piecewise_construct_tSt5tupleIJRS7_EESR_IJEEEEEPNSA_16_Hashtable_allocISaINSA_10_Hash_nodeIS8_Lb1EEEEEEDpOT_
FN:302,_ZNSt10_HashtableINSt7__cxx1112basic_stringIcSt11char_traitsIcESaIcEEESt4pairIKS5_St6vectorIP9TraductorSaISA_EEESaISD_ENSt8__detail10_Select1stESt8equal_toIS5_ESt4hashIS5_ENSF_18_Mod_range_hashingENSF_20_Default_ranged_hashENSF_20_Prime_rehash_policyENSF_17_Hashtable_traitsILb1ELb0ELb1EEEE12_Scoped_nodeC2IJRKSt21piecewise_construct_tSt5tupleIJRS7_EESW_IJEEEEEPNSF_16_Hashtable_allocISaINSF_10_Hash_nodeISD_Lb1EEEEEEDpOT_
FNDA:3,_ZNSt10_HashtableINSt7__cxx1112basic_stringIcSt11char_traitsIcESaIcEEESt4pairIKS5_St6vectorIP9TraductorSaISA_EEESaISD_ENSt8__detail10_Select1stESt8equal_toIS5_ESt4hashIS5_ENSF_18_Mod_range_hashingENSF_20_Default_ranged_hashENSF_20_Prime_rehash_policyENSF_17_Hashtable_traitsILb1ELb0ELb1EEEE12_Scoped_nodeC2IJRKSt21piecewise_construct_tSt5tupleIJRS7_EESW_IJEEEEEPNSF_16_Hashtable_allocISaINSF_10_Hash_nodeISD_Lb1EEEEEEDpOT_
FN:308,_ZNSt10_HashtableINSt7__cxx1112basic_stringIcSt11char_traitsIcESaIcEEES5_SaIS5_ENSt8__detail9_IdentityESt8equal_toIS5_ESt4hashIS5_ENS7_18_Mod_range_hashingENS7_20_Default_ranged_hashENS7_20_Prime_rehash_policyENS7_17_Hashtable_traitsILb1ELb1ELb1EEEE12_Scoped_nodeD2Ev
FNDA:13,_ZNSt10_HashtableINSt7__cxx1112basic_stringIcSt11char_traitsIcESaIcEEES5_SaIS5_ENSt8__detail9_IdentityESt8equal_toIS5_ESt4hashIS5_ENS7_18_Mod_range_hashingENS7_20_Default_ranged_hashENS7_20_Prime_rehash_policyENS7_17_Hashtable_traitsILb1ELb1ELb1EEEE12_Scoped_nodeD2Ev
FN:308,_ZNSt10_HashtableINSt7__cxx1112basic_stringIcSt11char_traitsIcESaIcEEESt4pairIKS5_bESaIS8_ENSt8__detail10_Select1stESt8equal_toIS5_ESt4hashIS5_ENSA_18_Mod_range_hashingENSA_20_Default_ranged_hashENSA_20_Prime_rehash_policyENSA_17_Hashtable_traitsILb1ELb0ELb1EEEE12_Scoped_nodeD2Ev
FNDA:15,_ZNSt10_HashtableINSt7__cxx1112basic_stringIcSt11char_traitsIcESaIcEEESt4pairIKS5_bESaIS8_ENSt8__detail10_Select1stESt8equal_toIS5_ESt4hashIS5_ENSA_18_Mod_range_hashingENSA_20_Default_ranged_hashENSA_20_Prime_rehash_policyENSA_17_Hashtable_traitsILb1ELb0ELb1EEEE12_Scoped_nodeD2Ev
FN:308,_ZNSt10_HashtableINSt7__cxx1112basic_stringIcSt11char_traitsIcESaIcEEESt4pairIKS5_P8ProgramaESaISA_ENSt8__detail10_Select1stESt8equal_toIS5_ESt4hashIS5_ENSC_18_Mod_range_hashingENSC_20_Default_ranged_hashENSC_20_Prime_rehash_policyENSC_17_Hashtable_traitsILb1ELb0ELb1EEEE12_Scoped_nodeD2Ev
FNDA:4,_ZNSt10_HashtableINSt7__cxx1112basic_stringIcSt11char_traitsIcESaIcEEESt4pairIKS5_P8ProgramaESaISA_ENSt8__detail10_Select1stESt8equal_toIS5_ESt4hashIS5_ENSC_18_Mod_range_hashingENSC_20_Default_ranged_hashENSC_20_Prime_rehash_policyENSC_17_Hashtable_traitsILb1ELb0ELb1EEEE12_Scoped_nodeD2Ev
FN:308,_ZNSt10_HashtableINSt7__cxx1112basic_stringIcSt11char_traitsIcESaIcEEESt4pairIKS5_P16ConexionLenguajeESaISA_ENSt8__detail10_Select1stESt8equal_toIS5_ESt4hashIS5_ENSC_18_Mod_range_hashingENSC_20_Default_ranged_hashENSC_20_Prime_rehash_policyENSC_17_Hashtable_traitsILb1ELb0ELb1EEEE12_Scoped_nodeD2Ev
FNDA:15,_ZNSt10_HashtableINSt7__cxx1112basic_stringIcSt11char_traitsIcESaIcEEESt4pairIKS5_P16ConexionLenguajeESaISA_ENSt8__detail10_Select1stESt8equal_toIS5_ESt4hashIS5_ENSC_18_Mod_range_hashingENSC_20_Default_ranged_hashENSC_20_Prime_rehash_policyENSC_17_Hashtable_traitsILb1ELb0ELb1EEEE12_Scoped_nodeD2Ev
FN:308,_ZNSt10_HashtableINSt7__cxx1112basic_stringIcSt11char_traitsIcESaIcEEESt4pairIKS5_St6vectorIP9TraductorSaISA_EEESaISD_ENSt8__detail10_Select1stESt8equal_toIS5_ESt4hashIS5_ENSF_18_Mod_range_hashingENSF_20_Default_ranged_hashENSF_20_Prime_rehash_policyENSF_17_Hashtable_traitsILb1ELb0ELb1EEEE12_Scoped_nodeD2Ev
FNDA:3,_ZNSt10_HashtableINSt7__cxx1112basic_stringIcSt11char_traitsIcESaIcEEESt4pairIKS5_St6vectorIP9TraductorSaISA_EEESaISD_ENSt8__detail10_Select1stESt8equal_toIS5_ESt4hashIS5_ENSF_18_Mod_range_hashingENSF_20_Default_ranged_hashENSF_20_Prime_rehash_policyENSF_17_Hashtable_traitsILb1ELb0ELb1EEEE12_Scoped_nodeD2Ev
FN:308,_ZNSt10_HashtableINSt7__cxx1112basic_stringIcSt11char_traitsIcESaIcEEESt4pairIKS5_St6vectorIP10InterpreteSaISA_EEESaISD_ENSt8__detail10_Select1stESt8equal_toIS5_ESt4hashIS5_ENSF_18_Mod_range_hashingENSF_20_Default_ranged_hashENSF_20_Prime_rehash_policyENSF_17_Hashtable_traitsILb1ELb0ELb1EEEE12_Scoped_nodeD2Ev
FNDA:3,_ZNSt10_HashtableINSt7__cxx1112basic_stringIcSt11char_traitsIcESaIcEEESt4pairIKS5_St6vectorIP10InterpreteSaISA_EEESaISD_ENSt8__detail10_Select1stESt8equal_toIS5_ESt4hashIS5_ENSF_18_Mod_range_hashingENSF_20_Default_ranged_hashENSF_20_Prime_rehash_policyENSF_17_Hashtable_traitsILb1ELb0ELb1EEEE12_Scoped_nodeD2Ev
FN:421,_ZNKSt10_HashtableINSt7__cxx1112basic_stringIcSt11char_traitsIcESaIcEEESt4pairIKS5_P16ConexionLenguajeESaISA_ENSt8__detail10_Select1stESt8equal_toIS5_ESt4hashIS5_ENSC_18_Mod_range_hashingENSC_20_Default_ranged_hashENSC_20_Prime_rehash_policyENSC_17_Hashtable_traitsILb1ELb0ELb1EEEE21_M_uses_single_bucketEPPNSC_15_Hash_node_baseE
FNDA:10,_ZNKSt10_HashtableINSt7__cxx1112basic_stringIcSt11char_traitsIcESaIcEEESt4pairIKS5_P16ConexionLenguajeESaISA_ENSt8__detail10_Select1stESt8equal_toIS5_ESt4hashIS5_ENSC_18_Mod_range_hashingENSC_20_Default_ranged_hashENSC_20_Prime_rehash_policyENSC_17_Hashtable_traitsILb1ELb0ELb1EEEE21_M_uses_single_bucketEPPNSC_15_Hash_node_baseE
FN:421,_ZNKSt10_HashtableINSt7__cxx1112basic_stringIcSt11char_traitsIcESaIcEEESt4pairIKS5_St6vectorIP10InterpreteSaISA_EEESaISD_ENSt8__detail10_Select1stESt8equal_toIS5_ESt4hashIS5_ENSF_18_Mod_range_hashingENSF_20_Default_ranged_hashENSF_20_Prime_rehash_policyENSF_17_Hashtable_traitsILb1ELb0ELb1EEEE21_M_uses_single_bucketEPPNSF_15_Hash_node_baseE
FNDA:7,_ZNKSt10_HashtableINSt7__cxx1112basic_stringIcSt11char_traitsIcESaIcEEESt4pairIKS5_St6vectorIP10InterpreteSaISA_EEESaISD_ENSt8__detail10_Select1stESt8equal_toIS5_ESt4hashIS5_ENSF_18_Mod_range_hashingENSF_20_Default_ranged_hashENSF_20_Prime_rehash_policyENSF_17_Hashtable_traitsILb1ELb0ELb1EEEE21_M_uses_single_bucketEPPNSF_15_Hash_node_baseE
FN:421,_ZNKSt10_HashtableINSt7__cxx1112basic_stringIcSt11char_traitsIcESaIcEEESt4pairIKS5_St6vectorIP9TraductorSaISA_EEESaISD_ENSt8__detail10_Select1stESt8equal_toIS5_ESt4hashIS5_ENSF_18_Mod_range_hashingENSF_20_Default_ranged_hashENSF_20_Prime_rehash_policyENSF_17_Hashtable_traitsILb1ELb0ELb1EEEE21_M_uses_single_bucketEPPNSF_15_Hash_node_baseE
FNDA:7,_ZNKSt10_HashtableINSt7__cxx1112basic_stringIcSt11char_traitsIcESaIcEEESt4pairIKS5_St6vectorIP9TraductorSaISA_EEESaISD_ENSt8__detail10_Select1stESt8equal_toIS5_ESt4hashIS5_ENSF_18_Mod_range_hashingENSF_20_Default_ranged_hashENSF_20_Prime_rehash_policyENSF_17_Hashtable_traitsILb1ELb0ELb1EEEE21_M_uses_single_bucketEPPNSF_15_Hash_node_baseE
FN:421,_ZNKSt10_HashtableINSt7__cxx1112basic_stringIcSt11char_traitsIcESaIcEEESt4pairIKS5_P8ProgramaESaISA_ENSt8__detail10_Select1stESt8equal_toIS5_ESt4hashIS5_ENSC_18_Mod_range_hashingENSC_20_Default_ranged_hashENSC_20_Prime_rehash_policyENSC_17_Hashtable_traitsILb1ELb0ELb1EEEE21_M_uses_single_bucketEPPNSC_15_Hash_node_baseE
FNDA:7,_ZNKSt10_HashtableINSt7__cxx1112basic_stringIcSt11char_traitsIcESaIcEEESt4pairIKS5_P8ProgramaESaISA_ENSt8__detail10_Select1stESt8equal_toIS5_ESt4hashIS5_ENSC_18_Mod_range_hashingENSC_20_Default_ranged_hashENSC_20_Prime_rehash_policyENSC_17_Hashtable_traitsILb1ELb0ELb1EEEE21_M_uses_single_bucketEPPNSC_15_Hash_node_baseE
FN:421,_ZNKSt10_HashtableINSt7__cxx1112basic_stringIcSt11char_traitsIcESaIcEEESt4pairIKS5_bESaIS8_ENSt8__detail10_Select1stESt8equal_toIS5_ESt4hashIS5_ENSA_18_Mod_range_hashingENSA_20_Default_ranged_hashENSA_20_Prime_rehash_policyENSA_17_Hashtable_traitsILb1ELb0ELb1EEEE21_M_uses_single_bucketEPPNSA_15_Hash_node_baseE
FNDA:10,_ZNKSt10_HashtableINSt7__cxx1112basic_stringIcSt11char_traitsIcESaIcEEESt4pairIKS5_bESaIS8_ENSt8__detail10_Select1stESt8equal_toIS5_ESt4hashIS5_ENSA_18_Mod_range_hashingENSA_20_Default_ranged_hashENSA_20_Prime_rehash_policyENSA_17_Hashtable_traitsILb1ELb0ELb1EEEE21_M_uses_single_bucketEPPNSA_15_Hash_node_baseE
FN:421,_ZNKSt10_HashtableINSt7__cxx1112basic_stringIcSt11char_traitsIcESaIcEEES5_SaIS5_ENSt8__detail9_IdentityESt8equal_toIS5_ESt4hashIS5_ENS7_18_Mod_range_hashingENS7_20_Default_ranged_hashENS7_20_Prime_rehash_policyENS7_17_Hashtable_traitsILb1ELb1ELb1EEEE21_M_uses_single_bucketEPPNS7_15_Hash_node_baseE
FNDA:19,_ZNKSt10_HashtableINSt7__cxx1112basic_stringIcSt11char_traitsIcESaIcEEES5_SaIS5_ENSt8__detail9_IdentityESt8equal_toIS5_ESt4hashIS5_ENS7_18_Mod_range_hashingENS7_20_Default_ranged_hashENS7_20_Prime_rehash_policyENS7_17_Hashtable_traitsILb1ELb1ELb1EEEE21_M_uses_single_bucketEPPNS7_15_Hash_node_baseE
FN:432,_ZNSt10_HashtableINSt7__cxx1112basic_stringIcSt11char_traitsIcESaIcEEES5_SaIS5_ENSt8__detail9_IdentityESt8equal_toIS5_ESt4hashIS5_ENS7_18_Mod_range_hashingENS7_20_Default_ranged_hashENS7_20_Prime_rehash_policyENS7_17_Hashtable_traitsILb1ELb1ELb1EEEE19_M_allocate_bucketsEm
FNDA:6,_ZNSt10_HashtableINSt7__cxx1112basic_stringIcSt11char_traitsIcESaIcEEES5_SaIS5_ENSt8__detail9_IdentityESt8equal_toIS5_ESt4hashIS5_ENS7_18_Mod_range_hashingENS7_20_Default_ranged_hashENS7_20_Prime_rehash_policyENS7_17_Hashtable_traitsILb1ELb1ELb1EEEE19_M_allocate_bucketsEm
FN:432,_ZNSt10_HashtableINSt7__cxx1112basic_stringIcSt11char_traitsIcESaIcEEESt4pairIKS5_P8ProgramaESaISA_ENSt8__detail10_Select1stESt8equal_toIS5_ESt4hashIS5_ENSC_18_Mod_range_hashingENSC_20_Default_ranged_hashENSC_20_Prime_rehash_policyENSC_17_Hashtable_traitsILb1ELb0ELb1EEEE19_M_allocate_bucketsEm
FNDA:2,_ZNSt10_HashtableINSt7__cxx1112basic_stringIcSt11char_traitsIcESaIcEEESt4pairIKS5_P8ProgramaESaISA_ENSt8__detail10_Select1stESt8equal_toIS5_ESt4hashIS5_ENSC_18_Mod_range_hashingENSC_20_Default_ranged_hashENSC_20_Prime_rehash_policyENSC_17_Hashtable_traitsILb1ELb0ELb1EEEE19_M_allocate_bucketsEm
FN:432,_ZNSt10_HashtableINSt7__cxx1112basic_stringIcSt11char_traitsIcESaIcEEESt4pairIKS5_St6vectorIP9TraductorSaISA_EEESaISD_ENSt8__detail10_Select1stESt8equal_toIS5_ESt4hashIS5_ENSF_18_Mod_range_hashingENSF_20_Default_ranged_hashENSF_20_Prime_rehash_policyENSF_17_Hashtable_traitsILb1ELb0ELb1EEEE19_M_allocate_bucketsEm
FNDA:2,_ZNSt10_HashtableINSt7__cxx1112basic_stringIcSt11char_traitsIcESaIcEEESt4pairIKS5_St6vectorIP9TraductorSaISA_EEESaISD_ENSt8__detail10_Select1stESt8equal_toIS5_ESt4hashIS5_ENSF_18_Mod_range_hashingENSF_20_Default_ranged_hashENSF_20_Prime_rehash_policyENSF_17_Hashtable_traitsILb1ELb0ELb1EEEE19_M_allocate_bucketsEm
FN:432,_ZNSt10_HashtableINSt7__cxx1112basic_stringIcSt11char_traitsIcESaIcEEESt4pairIKS5_bESaIS8_ENSt8__detail10_Select1stESt8equal_toIS5_ESt4hashIS5_ENSA_18_Mod_range_hashingENSA_20_Default_ranged_hashENSA_20_Prime_rehash_policyENSA_17_Hashtable_traitsILb1ELb0ELb1EEEE19_M_allocate_bucketsEm
FNDA:5,_ZNSt10_HashtableINSt7__cxx1112basic_stringIcSt11char_traitsIcESaIcEEESt4pairIKS5_bESaIS8_ENSt8__detail10_Select1stESt8equal_toIS5_ESt4hashIS5_ENSA_18_Mod_range_hashingENSA_20_Default_ranged_hashENSA_20_Prime_rehash_policyENSA_17_Hashtable_traitsILb1ELb0ELb1EEEE19_M_allocate_bucketsEm
FN:432,_ZNSt10_HashtableINSt7__cxx1112basic_stringIcSt11char_traitsIcESaIcEEESt4pairIKS5_P16ConexionLenguajeESaISA_ENSt8__detail10_Select1stESt8equal_toIS5_ESt4hashIS5_ENSC_18_Mod_range_hashingENSC_20_Default_ranged_hashENSC_20_Prime_rehash_policyENSC_17_Hashtable_traitsILb1ELb0ELb1EEEE19_M_allocate_bucketsEm
FNDA:5,_ZNSt10_HashtableINSt7__cxx1112basic_stringIcSt11char_traitsIcESaIcEEESt4pairIKS5_P16ConexionLenguajeESaISA_ENSt8__detail10_Select1stESt8equal_toIS5_ESt4hashIS5_ENSC_18_Mod_range_hashingENSC_20_Default_ranged_hashENSC_20_Prime_rehash_policyENSC_17_Hashtable_traitsILb1ELb0ELb1EEEE19_M_allocate_bucketsEm
FN:432,_ZNSt10_HashtableINSt7__cxx1112basic_stringIcSt11char_traitsIcESaIcEEESt4pairIKS5_St6vectorIP10InterpreteSaISA_EEESaISD_ENSt8__detail10_Select1stESt8equal_toIS5_ESt4hashIS5_ENSF_18_Mod_range_hashingENSF_20_Default_ranged_hashENSF_20_Prime_rehash_policyENSF_17_Hashtable_traitsILb1ELb0ELb1EEEE19_M_allocate_bucketsEm
FNDA:2,_ZNSt10_HashtableINSt7__cxx1112basic_stringIcSt11char_traitsIcESaIcEEESt4pairIKS5_St6vectorIP10InterpreteSaISA_EEESaISD_ENSt8__detail10_Select1stESt8equal_toIS5_ESt4hashIS5_ENSF_18_Mod_range_hashingENSF_20_Default_ranged_hashENSF_20_Prime_rehash_policyENSF_17_Hashtable_traitsILb1ELb0ELb1EEEE19_M_allocate_bucketsEm
FN:444,_ZNSt10_HashtableINSt7__cxx1112basic_stringIcSt11char_traitsIcESaIcEEESt4pairIKS5_St6vectorIP10InterpreteSaISA_EEESaISD_ENSt8__detail10_Select1stESt8equal_toIS5_ESt4hashIS5_ENSF_18_Mod_range_hashingENSF_20_Default_ranged_hashENSF_20_Prime_rehash_policyENSF_17_Hashtable_traitsILb1ELb0ELb1EEEE21_M_deallocate_bucketsEPPNSF_15_Hash_node_baseEm
FNDA:7,_ZNSt10_HashtableINSt7__cxx1112basic_stringIcSt11char_traitsIcESaIcEEESt4pairIKS5_St6vectorIP10InterpreteSaISA_EEESaISD_ENSt8__detail10_Select1stESt8equal_toIS5_ESt4hashIS5_ENSF_18_Mod_range_hashingENSF_20_Default_ranged_hashENSF_20_Prime_rehash_policyENSF_17_Hashtable_traitsILb1ELb0ELb1EEEE21_M_deallocate_bucketsEPPNSF_15_Hash_node_baseEm
FN:444,_ZNSt10_HashtableINSt7__cxx1112basic_stringIcSt11char_traitsIcESaIcEEESt4pairIKS5_P8ProgramaESaISA_ENSt8__detail10_Select1stESt8equal_toIS5_ESt4hashIS5_ENSC_18_Mod_range_hashingENSC_20_Default_ranged_hashENSC_20_Prime_rehash_policyENSC_17_Hashtable_traitsILb1ELb0ELb1EEEE21_M_deallocate_bucketsEPPNSC_15_Hash_node_baseEm
FNDA:7,_ZNSt10_HashtableINSt7__cxx1112basic_stringIcSt11char_traitsIcESaIcEEESt4pairIKS5_P8ProgramaESaISA_ENSt8__detail10_Select1stESt8equal_toIS5_ESt4hashIS5_ENSC_18_Mod_range_hashingENSC_20_Default_ranged_hashENSC_20_Prime_rehash_policyENSC_17_Hashtable_traitsILb1ELb0ELb1EEEE21_M_deallocate_bucketsEPPNSC_15_Hash_node_baseEm
FN:444,_ZNSt10_HashtableINSt7__cxx1112basic_stringIcSt11char_traitsIcESaIcEEESt4pairIKS5_St6vectorIP9TraductorSaISA_EEESaISD_ENSt8__detail10_Select1stESt8equal_toIS5_ESt4hashIS5_ENSF_18_Mod_range_hashingENSF_20_Default_ranged_hashENSF_20_Prime_rehash_policyENSF_17_Hashtable_traitsILb1ELb0ELb1EEEE21_M_deallocate_bucketsEPPNSF_15_Hash_node_baseEm
FNDA:7,_ZNSt10_HashtableINSt7__cxx1112basic_stringIcSt11char_traitsIcESaIcEEESt4pairIKS5_St6vectorIP9TraductorSaISA_EEESaISD_ENSt8__detail10_Select1stESt8equal_toIS5_ESt4hashIS5_ENSF_18_Mod_range_hashingENSF_20_Default_ranged_hashENSF_20_Prime_rehash_policyENSF_17_Hashtable_traitsILb1ELb0ELb1EEEE21_M_deallocate_bucketsEPPNSF_15_Hash_node_baseEm
FN:444,_ZNSt10_HashtableINSt7__cxx1112basic_stringIcSt11char_traitsIcESaIcEEESt4pairIKS5_P16ConexionLenguajeESaISA_ENSt8__detail10_Select1stESt8equal_toIS5_ESt4hashIS5_ENSC_18_Mod_range_hashingENSC_20_Default_ranged_hashENSC_20_Prime_rehash_policyENSC_17_Hashtable_traitsILb1ELb0ELb1EEEE21_M_deallocate_bucketsEPPNSC_15_Hash_node_baseEm
FNDA:10,_ZNSt10_HashtableINSt7__cxx1112basic_stringIcSt11char_traitsIcESaIcEEESt4pairIKS5_P16ConexionLenguajeESaISA_ENSt8__detail10_Select1stESt8equal_toIS5_ESt4hashIS5_ENSC_18_Mod_range_hashingENSC_20_Default_ranged_hashENSC_20_Prime_rehash_policyENSC_17_Hashtable_traitsILb1ELb0ELb1EEEE21_M_deallocate_bucketsEPPNSC_15_Hash_node_baseEm
FN:444,_ZNSt10_HashtableINSt7__cxx1112basic_stringIcSt11char_traitsIcESaIcEEESt4pairIKS5_bESaIS8_ENSt8__detail10_Select1stESt8equal_toIS5_ESt4hashIS5_ENSA_18_Mod_range_hashingENSA_20_Default_ranged_hashENSA_20_Prime_rehash_policyENSA_17_Hashtable_traitsILb1ELb0ELb1EEEE21_M_deallocate_bucketsEPPNSA_15_Hash_node_baseEm
FNDA:10,_ZNSt10_HashtableINSt7__cxx1112basic_stringIcSt11char_traitsIcESaIcEEESt4pairIKS5_bESaIS8_ENSt8__detail10_Select1stESt8equal_toIS5_ESt4hashIS5_ENSA_18_Mod_range_hashingENSA_20_Default_ranged_hashENSA_20_Prime_rehash_policyENSA_17_Hashtable_traitsILb1ELb0ELb1EEEE21_M_deallocate_bucketsEPPNSA_15_Hash_node_baseEm
FN:444,_ZNSt10_HashtableINSt7__cxx1112basic_stringIcSt11char_traitsIcESaIcEEES5_SaIS5_ENSt8__detail9_IdentityESt8equal_toIS5_ESt4hashIS5_ENS7_18_Mod_range_hashingENS7_20_Default_ranged_hashENS7_20_Prime_rehash_policyENS7_17_Hashtable_traitsILb1ELb1ELb1EEEE21_M_deallocate_bucketsEPPNS7_15_Hash_node_baseEm
FNDA:18,_ZNSt10_HashtableINSt7__cxx1112basic_stringIcSt11char_traitsIcESaIcEEES5_SaIS5_ENSt8__detail9_IdentityESt8equal_toIS5_ESt4hashIS5_ENS7_18_Mod_range_hashingENS7_20_Default_ranged_hashENS7_20_Prime_rehash_policyENS7_17_Hashtable_traitsILb1ELb1ELb1EEEE21_M_deallocate_bucketsEPPNS7_15_Hash_node_baseEm
FN:453,_ZNSt10_HashtableINSt7__cxx1112basic_stringIcSt11char_traitsIcESaIcEEESt4pairIKS5_St6vectorIP9TraductorSaISA_EEESaISD_ENSt8__detail10_Select1stESt8equal_toIS5_ESt4hashIS5_ENSF_18_Mod_range_hashingENSF_20_Default_ranged_hashENSF_20_Prime_rehash_policyENSF_17_Hashtable_traitsILb1ELb0ELb1EEEE21_M_deallocate_bucketsEv
FNDA:7,_ZNSt10_HashtableINSt7__cxx1112basic_stringIcSt11char_traitsIcESaIcEEESt4pairIKS5_St6vectorIP9TraductorSaISA_EEESaISD_ENSt8__detail10_Select1stESt8equal_toIS5_ESt4hashIS5_ENSF_18_Mod_range_hashingENSF_20_Default_ranged_hashENSF_20_Prime_rehash_policyENSF_17_Hashtable_traitsILb1ELb0ELb1EEEE21_M_deallocate_bucketsEv
FN:453,_ZNSt10_HashtableINSt7__cxx1112basic_stringIcSt11char_traitsIcESaIcEEES5_SaIS5_ENSt8__detail9_IdentityESt8equal_toIS5_ESt4hashIS5_ENS7_18_Mod_range_hashingENS7_20_Default_ranged_hashENS7_20_Prime_rehash_policyENS7_17_Hashtable_traitsILb1ELb1ELb1EEEE21_M_deallocate_bucketsEv
FNDA:18,_ZNSt10_HashtableINSt7__cxx1112basic_stringIcSt11char_traitsIcESaIcEEES5_SaIS5_ENSt8__detail9_IdentityESt8equal_toIS5_ESt4hashIS5_ENS7_18_Mod_range_hashingENS7_20_Default_ranged_hashENS7_20_Prime_rehash_policyENS7_17_Hashtable_traitsILb1ELb1ELb1EEEE21_M_deallocate_bucketsEv
FN:453,_ZNSt10_HashtableINSt7__cxx1112basic_stringIcSt11char_traitsIcESaIcEEESt4pairIKS5_St6vectorIP10InterpreteSaISA_EEESaISD_ENSt8__detail10_Select1stESt8equal_toIS5_ESt4hashIS5_ENSF_18_Mod_range_hashingENSF_20_Default_ranged_hashENSF_20_Prime_rehash_policyENSF_17_Hashtable_traitsILb1ELb0ELb1EEEE21_M_deallocate_bucketsEv
FNDA:7,_ZNSt10_HashtableINSt7__cxx1112basic_stringIcSt11char_traitsIcESaIcEEESt4pairIKS5_St6vectorIP10InterpreteSaISA_EEESaISD_ENSt8__detail10_Select1stESt8equal_toIS5_ESt4hashIS5_ENSF_18_Mod_range_hashingENSF_20_Default_ranged_hashENSF_20_Prime_rehash_policyENSF_17_Hashtable_traitsILb1ELb0ELb1EEEE21_M_deallocate_bucketsEv
FN:453,_ZNSt10_HashtableINSt7__cxx1112basic_stringIcSt11char_traitsIcESaIcEEESt4pairIKS5_bESaIS8_ENSt8__detail10_Select1stESt8equal_toIS5_ESt4hashIS5_ENSA_18_Mod_range_hashingENSA_20_Default_ranged_hashENSA_20_Prime_rehash_policyENSA_17_Hashtable_traitsILb1ELb0ELb1EEEE21_M_deallocate_bucketsEv
FNDA:10,_ZNSt10_HashtableINSt7__cxx1112basic_stringIcSt11char_traitsIcESaIcEEESt4pairIKS5_bESaIS8_ENSt8__detail10_Select1stESt8equal_toIS5_ESt4hashIS5_ENSA_18_Mod_range_hashingENSA_20_Default_ranged_hashENSA_20_Prime_rehash_policyENSA_17_Hashtable_traitsILb1ELb0ELb1EEEE21_M_deallocate_bucketsEv
FN:453,_ZNSt10_HashtableINSt7__cxx1112basic_stringIcSt11char_traitsIcESaIcEEESt4pairIKS5_P16ConexionLenguajeESaISA_ENSt8__detail10_Select1stESt8equal_toIS5_ESt4hashIS5_ENSC_18_Mod_range_hashingENSC_20_Default_ranged_hashENSC_20_Prime_rehash_policyENSC_17_Hashtable_traitsILb1ELb0ELb1EEEE21_M_deallocate_bucketsEv
FNDA:10,_ZNSt10_HashtableINSt7__cxx1112basic_stringIcSt11char_traitsIcESaIcEEESt4pairIKS5_P16ConexionLenguajeESaISA_ENSt8__detail10_Select1stESt8equal_toIS5_ESt4hashIS5_ENSC_18_Mod_range_hashingENSC_20_Default_ranged_hashENSC_20_Prime_rehash_policyENSC_17_Hashtable_traitsILb1ELb0ELb1EEEE21_M_deallocate_bucketsEv
FN:453,_ZNSt10_HashtableINSt7__cxx1112basic_stringIcSt11char_traitsIcESaIcEEESt4pairIKS5_P8ProgramaESaISA_ENSt8__detail10_Select1stESt8equal_toIS5_ESt4hashIS5_ENSC_18_Mod_range_hashingENSC_20_Default_ranged_hashENSC_20_Prime_rehash_policyENSC_17_Hashtable_traitsILb1ELb0ELb1EEEE21_M_deallocate_bucketsEv
FNDA:7,_ZNSt10_HashtableINSt7__cxx1112basic_stringIcSt11char_traitsIcESaIcEEESt4pairIKS5_P8ProgramaESaISA_ENSt8__detail10_Select1stESt8equal_toIS5_ESt4hashIS5_ENSC_18_Mod_range_hashingENSC_20_Default_ranged_hashENSC_20_Prime_rehash_policyENSC_17_Hashtable_traitsILb1ELb0ELb1EEEE21_M_deallocate_bucketsEv
FN:462,_ZNKSt10_HashtableINSt7__cxx1112basic_stringIcSt11char_traitsIcESaIcEEESt4pairIKS5_P16ConexionLenguajeESaISA_ENSt8__detail10_Select1stESt8equal_toIS5_ESt4hashIS5_ENSC_18_Mod_range_hashingENSC_20_Default_ranged_hashENSC_20_Prime_rehash_policyENSC_17_Hashtable_traitsILb1ELb0ELb1EEEE8_M_beginEv
FNDA:15,_ZNKSt10_HashtableINSt7__cxx1112basic_stringIcSt11char_traitsIcESaIcEEESt4pairIKS5_P16ConexionLenguajeESaISA_ENSt8__detail10_Select1stESt8equal_toIS5_ESt4hashIS5_ENSC_18_Mod_range_hashingENSC_20_Default_ranged_hashENSC_20_Prime_rehash_policyENSC_17_Hashtable_traitsILb1ELb0ELb1EEEE8_M_beginEv
FN:462,_ZNKSt10_HashtableINSt7__cxx1112basic_stringIcSt11char_traitsIcESaIcEEESt4pairIKS5_St6vectorIP10InterpreteSaISA_EEESaISD_ENSt8__detail10_Select1stESt8equal_toIS5_ESt4hashIS5_ENSF_18_Mod_range_hashingENSF_20_Default_ranged_hashENSF_20_Prime_rehash_policyENSF_17_Hashtable_traitsILb1ELb0ELb1EEEE8_M_beginEv
FNDA:7,_ZNKSt10_HashtableINSt7__cxx1112basic_stringIcSt11char_traitsIcESaIcEEESt4pairIKS5_St6vectorIP10InterpreteSaISA_EEESaISD_ENSt8__detail10_Select1stESt8equal_toIS5_ESt4hashIS5_ENSF_18_Mod_range_hashingENSF_20_Default_ranged_hashENSF_20_Prime_rehash_policyENSF_17_Hashtable_traitsILb1ELb0ELb1EEEE8_M_beginEv
FN:462,_ZNKSt10_HashtableINSt7__cxx1112basic_stringIcSt11char_traitsIcESaIcEEESt4pairIKS5_St6vectorIP9TraductorSaISA_EEESaISD_ENSt8__detail10_Select1stESt8equal_toIS5_ESt4hashIS5_ENSF_18_Mod_range_hashingENSF_20_Default_ranged_hashENSF_20_Prime_rehash_policyENSF_17_Hashtable_traitsILb1ELb0ELb1EEEE8_M_beginEv
FNDA:7,_ZNKSt10_HashtableINSt7__cxx1112basic_stringIcSt11char_traitsIcESaIcEEESt4pairIKS5_St6vectorIP9TraductorSaISA_EEESaISD_ENSt8__detail10_Select1stESt8equal_toIS5_ESt4hashIS5_ENSF_18_Mod_range_hashingENSF_20_Default_ranged_hashENSF_20_Prime_rehash_policyENSF_17_Hashtable_traitsILb1ELb0ELb1EEEE8_M_beginEv
FN:462,_ZNKSt10_HashtableINSt7__cxx1112basic_stringIcSt11char_traitsIcESaIcEEESt4pairIKS5_P8ProgramaESaISA_ENSt8__detail10_Select1stESt8equal_toIS5_ESt4hashIS5_ENSC_18_Mod_range_hashingENSC_20_Default_ranged_hashENSC_20_Prime_rehash_policyENSC_17_Hashtable_traitsILb1ELb0ELb1EEEE8_M_beginEv
FNDA:7,_ZNKSt10_HashtableINSt7__cxx1112basic_stringIcSt11char_traitsIcESaIcEEESt4pairIKS5_P8ProgramaESaISA_ENSt8__detail10_Select1stESt8equal_toIS5_ESt4hashIS5_ENSC_18_Mod_range_hashingENSC_20_Default_ranged_hashENSC_20_Prime_rehash_policyENSC_17_Hashtable_traitsILb1ELb0ELb1EEEE8_M_beginEv
FN:462,_ZNKSt10_HashtableINSt7__cxx1112basic_stringIcSt11char_traitsIcESaIcEEESt4pairIKS5_bESaIS8_ENSt8__detail10_Select1stESt8equal_toIS5_ESt4hashIS5_ENSA_18_Mod_range_hashingENSA_20_Default_ranged_hashENSA_20_Prime_rehash_policyENSA_17_Hashtable_traitsILb1ELb0ELb1EEEE8_M_beginEv
FNDA:10,_ZNKSt10_HashtableINSt7__cxx1112basic_stringIcSt11char_traitsIcESaIcEEESt4pairIKS5_bESaIS8_ENSt8__detail10_Select1stESt8equal_toIS5_ESt4hashIS5_ENSA_18_Mod_range_hashingENSA_20_Default_ranged_hashENSA_20_Prime_rehash_policyENSA_17_Hashtable_traitsILb1ELb0ELb1EEEE8_M_beginEv
FN:462,_ZNKSt10_HashtableINSt7__cxx1112basic_stringIcSt11char_traitsIcESaIcEEES5_SaIS5_ENSt8__detail9_IdentityESt8equal_toIS5_ESt4hashIS5_ENS7_18_Mod_range_hashingENS7_20_Default_ranged_hashENS7_20_Prime_rehash_policyENS7_17_Hashtable_traitsILb1ELb1ELb1EEEE8_M_beginEv
FNDA:22,_ZNKSt10_HashtableINSt7__cxx1112basic_stringIcSt11char_traitsIcESaIcEEES5_SaIS5_ENSt8__detail9_IdentityESt8equal_toIS5_ESt4hashIS5_ENS7_18_Mod_range_hashingENS7_20_Default_ranged_hashENS7_20_Prime_rehash_policyENS7_17_Hashtable_traitsILb1ELb1ELb1EEEE8_M_beginEv
FN:528,_ZNSt10_HashtableINSt7__cxx1112basic_stringIcSt11char_traitsIcESaIcEEESt4pairIKS5_P16ConexionLenguajeESaISA_ENSt8__detail10_Select1stESt8equal_toIS5_ESt4hashIS5_ENSC_18_Mod_range_hashingENSC_20_Default_ranged_hashENSC_20_Prime_rehash_policyENSC_17_Hashtable_traitsILb1ELb0ELb1EEEEC2Ev
FNDA:5,_ZNSt10_HashtableINSt7__cxx1112basic_stringIcSt11char_traitsIcESaIcEEESt4pairIKS5_P16ConexionLenguajeESaISA_ENSt8__detail10_Select1stESt8equal_toIS5_ESt4hashIS5_ENSC_18_Mod_range_hashingENSC_20_Default_ranged_hashENSC_20_Prime_rehash_policyENSC_17_Hashtable_traitsILb1ELb0ELb1EEEEC2Ev
FN:528,_ZNSt10_HashtableINSt7__cxx1112basic_stringIcSt11char_traitsIcESaIcEEESt4pairIKS5_St6vectorIP10InterpreteSaISA_EEESaISD_ENSt8__detail10_Select1stESt8equal_toIS5_ESt4hashIS5_ENSF_18_Mod_range_hashingENSF_20_Default_ranged_hashENSF_20_Prime_rehash_policyENSF_17_Hashtable_traitsILb1ELb0ELb1EEEEC2Ev
FNDA:5,_ZNSt10_HashtableINSt7__cxx1112basic_stringIcSt11char_traitsIcESaIcEEESt4pairIKS5_St6vectorIP10InterpreteSaISA_EEESaISD_ENSt8__detail10_Select1stESt8equal_toIS5_ESt4hashIS5_ENSF_18_Mod_range_hashingENSF_20_Default_ranged_hashENSF_20_Prime_rehash_policyENSF_17_Hashtable_traitsILb1ELb0ELb1EEEEC2Ev
FN:528,_ZNSt10_HashtableINSt7__cxx1112basic_stringIcSt11char_traitsIcESaIcEEESt4pairIKS5_St6vectorIP9TraductorSaISA_EEESaISD_ENSt8__detail10_Select1stESt8equal_toIS5_ESt4hashIS5_ENSF_18_Mod_range_hashingENSF_20_Default_ranged_hashENSF_20_Prime_rehash_policyENSF_17_Hashtable_traitsILb1ELb0ELb1EEEEC2Ev
FNDA:5,_ZNSt10_HashtableINSt7__cxx1112basic_stringIcSt11char_traitsIcESaIcEEESt4pairIKS5_St6vectorIP9TraductorSaISA_EEESaISD_ENSt8__detail10_Select1stESt8equal_toIS5_ESt4hashIS5_ENSF_18_Mod_range_hashingENSF_20_Default_ranged_hashENSF_20_Prime_rehash_policyENSF_17_Hashtable_traitsILb1ELb0ELb1EEEEC2Ev
FN:528,_ZNSt10_HashtableINSt7__cxx1112basic_stringIcSt11char_traitsIcESaIcEEESt4pairIKS5_P8ProgramaESaISA_ENSt8__detail10_Select1stESt8equal_toIS5_ESt4hashIS5_ENSC_18_Mod_range_hashingENSC_20_Default_ranged_hashENSC_20_Prime_rehash_policyENSC_17_Hashtable_traitsILb1ELb0ELb1EEEEC2Ev
FNDA:5,_ZNSt10_HashtableINSt7__cxx1112basic_stringIcSt11char_traitsIcESaIcEEESt4pairIKS5_P8ProgramaESaISA_ENSt8__detail10_Select1stESt8equal_toIS5_ESt4hashIS5_ENSC_18_Mod_range_hashingENSC_20_Default_ranged_hashENSC_20_Prime_rehash_policyENSC_17_Hashtable_traitsILb1ELb0ELb1EEEEC2Ev
FN:528,_ZNSt10_HashtableINSt7__cxx1112basic_stringIcSt11char_traitsIcESaIcEEES5_SaIS5_ENSt8__detail9_IdentityESt8equal_toIS5_ESt4hashIS5_ENS7_18_Mod_range_hashingENS7_20_Default_ranged_hashENS7_20_Prime_rehash_policyENS7_17_Hashtable_traitsILb1ELb1ELb1EEEEC2Ev
FNDA:11,_ZNSt10_HashtableINSt7__cxx1112basic_stringIcSt11char_traitsIcESaIcEEES5_SaIS5_ENSt8__detail9_IdentityESt8equal_toIS5_ESt4hashIS5_ENS7_18_Mod_range_hashingENS7_20_Default_ranged_hashENS7_20_Prime_rehash_policyENS7_17_Hashtable_traitsILb1ELb1ELb1EEEEC2Ev
FN:528,_ZNSt10_HashtableINSt7__cxx1112basic_stringIcSt11char_traitsIcESaIcEEESt4pairIKS5_bESaIS8_ENSt8__detail10_Select1stESt8equal_toIS5_ESt4hashIS5_ENSA_18_Mod_range_hashingENSA_20_Default_ranged_hashENSA_20_Prime_rehash_policyENSA_17_Hashtable_traitsILb1ELb0ELb1EEEEC2Ev
FNDA:5,_ZNSt10_HashtableINSt7__cxx1112basic_stringIcSt11char_traitsIcESaIcEEESt4pairIKS5_bESaIS8_ENSt8__detail10_Select1stESt8equal_toIS5_ESt4hashIS5_ENSA_18_Mod_range_hashingENSA_20_Default_ranged_hashENSA_20_Prime_rehash_policyENSA_17_Hashtable_traitsILb1ELb0ELb1EEEEC2Ev
FN:621,_ZNSt10_HashtableINSt7__cxx1112basic_stringIcSt11char_traitsIcESaIcEEESt4pairIKS5_P16ConexionLenguajeESaISA_ENSt8__detail10_Select1stESt8equal_toIS5_ESt4hashIS5_ENSC_18_Mod_range_hashingENSC_20_Default_ranged_hashENSC_20_Prime_rehash_policyENSC_17_Hashtable_traitsILb1ELb0ELb1EEEE5beginEv
FNDA:5,_ZNSt10_HashtableINSt7__cxx1112basic_stringIcSt11char_traitsIcESaIcEEESt4pairIKS5_P16ConexionLenguajeESaISA_ENSt8__detail10_Select1stESt8equal_toIS5_ESt4hashIS5_ENSC_18_Mod_range_hashingENSC_20_Default_ranged_hashENSC_20_Prime_rehash_policyENSC_17_Hashtable_traitsILb1ELb0ELb1EEEE5beginEv
FN:629,_ZNSt10_HashtableINSt7__cxx1112basic_stringIcSt11char_traitsIcESaIcEEES5_SaIS5_ENSt8__detail9_IdentityESt8equal_toIS5_ESt4hashIS5_ENS7_18_Mod_range_hashingENS7_20_Default_ranged_hashENS7_20_Prime_rehash_policyENS7_17_Hashtable_traitsILb1ELb1ELb1EEEE3endEv
FNDA:8,_ZNSt10_HashtableINSt7__cxx1112basic_stringIcSt11char_traitsIcESaIcEEES5_SaIS5_ENSt8__detail9_IdentityESt8equal_toIS5_ESt4hashIS5_ENS7_18_Mod_range_hashingENS7_20_Default_ranged_hashENS7_20_Prime_rehash_policyENS7_17_Hashtable_traitsILb1ELb1ELb1EEEE3endEv
FN:629,_ZNSt10_HashtableINSt7__cxx1112basic_stringIcSt11char_traitsIcESaIcEEESt4pairIKS5_P8ProgramaESaISA_ENSt8__detail10_Select1stESt8equal_toIS5_ESt4hashIS5_ENSC_18_Mod_range_hashingENSC_20_Default_ranged_hashENSC_20_Prime_rehash_policyENSC_17_Hashtable_traitsILb1ELb0ELb1EEEE3endEv
FNDA:11,_ZNSt10_HashtableINSt7__cxx1112basic_stringIcSt11char_traitsIcESaIcEEESt4pairIKS5_P8ProgramaESaISA_ENSt8__detail10_Select1stESt8equal_toIS5_ESt4hashIS5_ENSC_18_Mod_range_hashingENSC_20_Default_ranged_hashENSC_20_Prime_rehash_policyENSC_17_Hashtable_traitsILb1ELb0ELb1EEEE3endEv
FN:629,_ZNSt10_HashtableINSt7__cxx1112basic_stringIcSt11char_traitsIcESaIcEEESt4pairIKS5_P16ConexionLenguajeESaISA_ENSt8__detail10_Select1stESt8equal_toIS5_ESt4hashIS5_ENSC_18_Mod_range_hashingENSC_20_Default_ranged_hashENSC_20_Prime_rehash_policyENSC_17_Hashtable_traitsILb1ELb0ELb1EEEE3endEv
FNDA:47,_ZNSt10_HashtableINSt7__cxx1112basic_stringIcSt11char_traitsIcESaIcEEESt4pairIKS5_P16ConexionLenguajeESaISA_ENSt8__detail10_Select1stESt8equal_toIS5_ESt4hashIS5_ENSC_18_Mod_range_hashingENSC_20_Default_ranged_hashENSC_20_Prime_rehash_policyENSC_17_Hashtable_traitsILb1ELb0ELb1EEEE3endEv
FN:790,_ZNKSt10_HashtableINSt7__cxx1112basic_stringIcSt11char_traitsIcESaIcEEES5_SaIS5_ENSt8__detail9_IdentityESt8equal_toIS5_ESt4hashIS5_ENS7_18_Mod_range_hashingENS7_20_Default_ranged_hashENS7_20_Prime_rehash_policyENS7_17_Hashtable_traitsILb1ELb1ELb1EEEE15_M_bucket_indexERKNS7_16_Hash_node_valueIS5_Lb1EEE
FNDA:6,_ZNKSt10_HashtableINSt7__cxx1112basic_stringIcSt11char_traitsIcESaIcEEES5_SaIS5_ENSt8__detail9_IdentityESt8equal_toIS5_ESt4hashIS5_ENS7_18_Mod_range_hashingENS7_20_Default_ranged_hashENS7_20_Prime_rehash_policyENS7_17_Hashtable_traitsILb1ELb1ELb1EEEE15_M_bucket_indexERKNS7_16_Hash_node_valueIS5_Lb1EEE
FN:790,_ZNKSt10_HashtableINSt7__cxx1112basic_stringIcSt11char_traitsIcESaIcEEESt4pairIKS5_P8ProgramaESaISA_ENSt8__detail10_Select1stESt8equal_toIS5_ESt4hashIS5_ENSC_18_Mod_range_hashingENSC_20_Default_ranged_hashENSC_20_Prime_rehash_policyENSC_17_Hashtable_traitsILb1ELb0ELb1EEEE15_M_bucket_indexERKNSC_16_Hash_node_valueISA_Lb1EEE
FNDA:2,_ZNKSt10_HashtableINSt7__cxx1112basic_stringIcSt11char_traitsIcESaIcEEESt4pairIKS5_P8ProgramaESaISA_ENSt8__detail10_Select1stESt8equal_toIS5_ESt4hashIS5_ENSC_18_Mod_range_hashingENSC_20_Default_ranged_hashENSC_20_Prime_rehash_policyENSC_17_Hashtable_traitsILb1ELb0ELb1EEEE15_M_bucket_indexERKNSC_16_Hash_node_valueISA_Lb1EEE
FN:790,_ZNKSt10_HashtableINSt7__cxx1112basic_stringIcSt11char_traitsIcESaIcEEESt4pairIKS5_St6vectorIP9TraductorSaISA_EEESaISD_ENSt8__detail10_Select1stESt8equal_toIS5_ESt4hashIS5_ENSF_18_Mod_range_hashingENSF_20_Default_ranged_hashENSF_20_Prime_rehash_policyENSF_17_Hashtable_traitsILb1ELb0ELb1EEEE15_M_bucket_indexERKNSF_16_Hash_node_valueISD_Lb1EEE
FNDA:1,_ZNKSt10_HashtableINSt7__cxx1112basic_stringIcSt11char_traitsIcESaIcEEESt4pairIKS5_St6vectorIP9TraductorSaISA_EEESaISD_ENSt8__detail10_Select1stESt8equal_toIS5_ESt4hashIS5_ENSF_18_Mod_range_hashingENSF_20_Default_ranged_hashENSF_20_Prime_rehash_policyENSF_17_Hashtable_traitsILb1ELb0ELb1EEEE15_M_bucket_indexERKNSF_16_Hash_node_valueISD_Lb1EEE
FN:790,_ZNKSt10_HashtableINSt7__cxx1112basic_stringIcSt11char_traitsIcESaIcEEESt4pairIKS5_St6vectorIP10InterpreteSaISA_EEESaISD_ENSt8__detail10_Select1stESt8equal_toIS5_ESt4hashIS5_ENSF_18_Mod_range_hashingENSF_20_Default_ranged_hashENSF_20_Prime_rehash_policyENSF_17_Hashtable_traitsILb1ELb0ELb1EEEE15_M_bucket_indexERKNSF_16_Hash_node_valueISD_Lb1EEE
FNDA:1,_ZNKSt10_HashtableINSt7__cxx1112basic_stringIcSt11char_traitsIcESaIcEEESt4pairIKS5_St6vectorIP10InterpreteSaISA_EEESaISD_ENSt8__detail10_Select1stESt8equal_toIS5_ESt4hashIS5_ENSF_18_Mod_range_hashingENSF_20_Default_ranged_hashENSF_20_Prime_rehash_policyENSF_17_Hashtable_traitsILb1ELb0ELb1EEEE15_M_bucket_indexERKNSF_16_Hash_node_valueISD_Lb1EEE
FN:790,_ZNKSt10_HashtableINSt7__cxx1112basic_stringIcSt11char_traitsIcESaIcEEESt4pairIKS5_P16ConexionLenguajeESaISA_ENSt8__detail10_Select1stESt8equal_toIS5_ESt4hashIS5_ENSC_18_Mod_range_hashingENSC_20_Default_ranged_hashENSC_20_Prime_rehash_policyENSC_17_Hashtable_traitsILb1ELb0ELb1EEEE15_M_bucket_indexERKNSC_16_Hash_node_valueISA_Lb1EEE
FNDA:11,_ZNKSt10_HashtableINSt7__cxx1112basic_stringIcSt11char_traitsIcESaIcEEESt4pairIKS5_P16ConexionLenguajeESaISA_ENSt8__detail10_Select1stESt8equal_toIS5_ESt4hashIS5_ENSC_18_Mod_range_hashingENSC_20_Default_ranged_hashENSC_20_Prime_rehash_policyENSC_17_Hashtable_traitsILb1ELb0ELb1EEEE15_M_bucket_indexERKNSC_16_Hash_node_valueISA_Lb1EEE
FN:790,_ZNKSt10_HashtableINSt7__cxx1112basic_stringIcSt11char_traitsIcESaIcEEESt4pairIKS5_bESaIS8_ENSt8__detail10_Select1stESt8equal_toIS5_ESt4hashIS5_ENSA_18_Mod_range_hashingENSA_20_Default_ranged_hashENSA_20_Prime_rehash_policyENSA_17_Hashtable_traitsILb1ELb0ELb1EEEE15_M_bucket_indexERKNSA_16_Hash_node_valueIS8_Lb1EEE
FNDA:11,_ZNKSt10_HashtableINSt7__cxx1112basic_stringIcSt11char_traitsIcESaIcEEESt4pairIKS5_bESaIS8_ENSt8__detail10_Select1stESt8equal_toIS5_ESt4hashIS5_ENSA_18_Mod_range_hashingENSA_20_Default_ranged_hashENSA_20_Prime_rehash_policyENSA_17_Hashtable_traitsILb1ELb0ELb1EEEE15_M_bucket_indexERKNSA_16_Hash_node_valueIS8_Lb1EEE
FN:794,_ZNKSt10_HashtableINSt7__cxx1112basic_stringIcSt11char_traitsIcESaIcEEESt4pairIKS5_St6vectorIP9TraductorSaISA_EEESaISD_ENSt8__detail10_Select1stESt8equal_toIS5_ESt4hashIS5_ENSF_18_Mod_range_hashingENSF_20_Default_ranged_hashENSF_20_Prime_rehash_policyENSF_17_Hashtable_traitsILb1ELb0ELb1EEEE15_M_bucket_indexEm
FNDA:11,_ZNKSt10_HashtableINSt7__cxx1112basic_stringIcSt11char_traitsIcESaIcEEESt4pairIKS5_St6vectorIP9TraductorSaISA_EEESaISD_ENSt8__detail10_Select1stESt8equal_toIS5_ESt4hashIS5_ENSF_18_Mod_range_hashingENSF_20_Default_ranged_hashENSF_20_Prime_rehash_policyENSF_17_Hashtable_traitsILb1ELb0ELb1EEEE15_M_bucket_indexEm
FN:794,_ZNKSt10_HashtableINSt7__cxx1112basic_stringIcSt11char_traitsIcESaIcEEESt4pairIKS5_St6vectorIP10InterpreteSaISA_EEESaISD_ENSt8__detail10_Select1stESt8equal_toIS5_ESt4hashIS5_ENSF_18_Mod_range_hashingENSF_20_Default_ranged_hashENSF_20_Prime_rehash_policyENSF_17_Hashtable_traitsILb1ELb0ELb1EEEE15_M_bucket_indexEm
FNDA:9,_ZNKSt10_HashtableINSt7__cxx1112basic_stringIcSt11char_traitsIcESaIcEEESt4pairIKS5_St6vectorIP10InterpreteSaISA_EEESaISD_ENSt8__detail10_Select1stESt8equal_toIS5_ESt4hashIS5_ENSF_18_Mod_range_hashingENSF_20_Default_ranged_hashENSF_20_Prime_rehash_policyENSF_17_Hashtable_traitsILb1ELb0ELb1EEEE15_M_bucket_indexEm
FN:794,_ZNKSt10_HashtableINSt7__cxx1112basic_stringIcSt11char_traitsIcESaIcEEESt4pairIKS5_P16ConexionLenguajeESaISA_ENSt8__detail10_Select1stESt8equal_toIS5_ESt4hashIS5_ENSC_18_Mod_range_hashingENSC_20_Default_ranged_hashENSC_20_Prime_rehash_policyENSC_17_Hashtable_traitsILb1ELb0ELb1EEEE15_M_bucket_indexEm
FNDA:78,_ZNKSt10_HashtableINSt7__cxx1112basic_stringIcSt11char_traitsIcESaIcEEESt4pairIKS5_P16ConexionLenguajeESaISA_ENSt8__detail10_Select1stESt8equal_toIS5_ESt4hashIS5_ENSC_18_Mod_range_hashingENSC_20_Default_ranged_hashENSC_20_Prime_rehash_policyENSC_17_Hashtable_traitsILb1ELb0ELb1EEEE15_M_bucket_indexEm
FN:794,_ZNKSt10_HashtableINSt7__cxx1112basic_stringIcSt11char_traitsIcESaIcEEESt4pairIKS5_bESaIS8_ENSt8__detail10_Select1stESt8equal_toIS5_ESt4hashIS5_ENSA_18_Mod_range_hashingENSA_20_Default_ranged_hashENSA_20_Prime_rehash_policyENSA_17_Hashtable_traitsILb1ELb0ELb1EEEE15_M_bucket_indexEm
FNDA:62,_ZNKSt10_HashtableINSt7__cxx1112basic_stringIcSt11char_traitsIcESaIcEEESt4pairIKS5_bESaIS8_ENSt8__detail10_Select1stESt8equal_toIS5_ESt4hashIS5_ENSA_18_Mod_range_hashingENSA_20_Default_ranged_hashENSA_20_Prime_rehash_policyENSA_17_Hashtable_traitsILb1ELb0ELb1EEEE15_M_bucket_indexEm
FN:794,_ZNKSt10_HashtableINSt7__cxx1112basic_stringIcSt11char_traitsIcESaIcEEESt4pairIKS5_P8ProgramaESaISA_ENSt8__detail10_Select1stESt8equal_toIS5_ESt4hashIS5_ENSC_18_Mod_range_hashingENSC_20_Default_ranged_hashENSC_20_Prime_rehash_policyENSC_17_Hashtable_traitsILb1ELb0ELb1EEEE15_M_bucket_indexEm
FNDA:22,_ZNKSt10_HashtableINSt7__cxx1112basic_stringIcSt11char_traitsIcESaIcEEESt4pairIKS5_P8ProgramaESaISA_ENSt8__detail10_Select1stESt8equal_toIS5_ESt4hashIS5_ENSC_18_Mod_range_hashingENSC_20_Default_ranged_hashENSC_20_Prime_rehash_policyENSC_17_Hashtable_traitsILb1ELb0ELb1EEEE15_M_bucket_indexEm
FN:794,_ZNKSt10_HashtableINSt7__cxx1112basic_stringIcSt11char_traitsIcESaIcEEES5_SaIS5_ENSt8__detail9_IdentityESt8equal_toIS5_ESt4hashIS5_ENS7_18_Mod_range_hashingENS7_20_Default_ranged_hashENS7_20_Prime_rehash_policyENS7_17_Hashtable_traitsILb1ELb1ELb1EEEE15_M_bucket_indexEm
FNDA:48,_ZNKSt10_HashtableINSt7__cxx1112basic_stringIcSt11char_traitsIcESaIcEEES5_SaIS5_ENSt8__detail9_IdentityESt8equal_toIS5_ESt4hashIS5_ENS7_18_Mod_range_hashingENS7_20_Default_ranged_hashENS7_20_Prime_rehash_policyENS7_17_Hashtable_traitsILb1ELb1ELb1EEEE15_M_bucket_indexEm
FN:807,_ZNKSt10_HashtableINSt7__cxx1112basic_stringIcSt11char_traitsIcESaIcEEESt4pairIKS5_St6vectorIP9TraductorSaISA_EEESaISD_ENSt8__detail10_Select1stESt8equal_toIS5_ESt4hashIS5_ENSF_18_Mod_range_hashingENSF_20_Default_ranged_hashENSF_20_Prime_rehash_policyENSF_17_Hashtable_traitsILb1ELb0ELb1EEEE12_M_find_nodeEmRS7_m
FNDA:9,_ZNKSt10_HashtableINSt7__cxx1112basic_stringIcSt11char_traitsIcESaIcEEESt4pairIKS5_St6vectorIP9TraductorSaISA_EEESaISD_ENSt8__detail10_Select1stESt8equal_toIS5_ESt4hashIS5_ENSF_18_Mod_range_hashingENSF_20_Default_ranged_hashENSF_20_Prime_rehash_policyENSF_17_Hashtable_traitsILb1ELb0ELb1EEEE12_M_find_nodeEmRS7_m
FN:807,_ZNKSt10_HashtableINSt7__cxx1112basic_stringIcSt11char_traitsIcESaIcEEESt4pairIKS5_P16ConexionLenguajeESaISA_ENSt8__detail10_Select1stESt8equal_toIS5_ESt4hashIS5_ENSC_18_Mod_range_hashingENSC_20_Default_ranged_hashENSC_20_Prime_rehash_policyENSC_17_Hashtable_traitsILb1ELb0ELb1EEEE12_M_find_nodeEmRS7_m
FNDA:73,_ZNKSt10_HashtableINSt7__cxx1112basic_stringIcSt11char_traitsIcESaIcEEESt4pairIKS5_P16ConexionLenguajeESaISA_ENSt8__detail10_Select1stESt8equal_toIS5_ESt4hashIS5_ENSC_18_Mod_range_hashingENSC_20_Default_ranged_hashENSC_20_Prime_rehash_policyENSC_17_Hashtable_traitsILb1ELb0ELb1EEEE12_M_find_nodeEmRS7_m
FN:807,_ZNKSt10_HashtableINSt7__cxx1112basic_stringIcSt11char_traitsIcESaIcEEESt4pairIKS5_P8ProgramaESaISA_ENSt8__detail10_Select1stESt8equal_toIS5_ESt4hashIS5_ENSC_18_Mod_range_hashingENSC_20_Default_ranged_hashENSC_20_Prime_rehash_policyENSC_17_Hashtable_traitsILb1ELb0ELb1EEEE12_M_find_nodeEmRS7_m
FNDA:20,_ZNKSt10_HashtableINSt7__cxx1112basic_stringIcSt11char_traitsIcESaIcEEESt4pairIKS5_P8ProgramaESaISA_ENSt8__detail10_Select1stESt8equal_toIS5_ESt4hashIS5_ENSC_18_Mod_range_hashingENSC_20_Default_ranged_hashENSC_20_Prime_rehash_policyENSC_17_Hashtable_traitsILb1ELb0ELb1EEEE12_M_find_nodeEmRS7_m
FN:807,_ZNKSt10_HashtableINSt7__cxx1112basic_stringIcSt11char_traitsIcESaIcEEESt4pairIKS5_St6vectorIP10InterpreteSaISA_EEESaISD_ENSt8__detail10_Select1stESt8equal_toIS5_ESt4hashIS5_ENSF_18_Mod_range_hashingENSF_20_Default_ranged_hashENSF_20_Prime_rehash_policyENSF_17_Hashtable_traitsILb1ELb0ELb1EEEE12_M_find_nodeEmRS7_m
FNDA:7,_ZNKSt10_HashtableINSt7__cxx1112basic_stringIcSt11char_traitsIcESaIcEEESt4pairIKS5_St6vectorIP10InterpreteSaISA_EEESaISD_ENSt8__detail10_Select1stESt8equal_toIS5_ESt4hashIS5_ENSF_18_Mod_range_hashingENSF_20_Default_ranged_hashENSF_20_Prime_rehash_policyENSF_17_Hashtable_traitsILb1ELb0ELb1EEEE12_M_find_nodeEmRS7_m
FN:807,_ZNKSt10_HashtableINSt7__cxx1112basic_stringIcSt11char_traitsIcESaIcEEES5_SaIS5_ENSt8__detail9_IdentityESt8equal_toIS5_ESt4hashIS5_ENS7_18_Mod_range_hashingENS7_20_Default_ranged_hashENS7_20_Prime_rehash_policyENS7_17_Hashtable_traitsILb1ELb1ELb1EEEE12_M_find_nodeEmRKS5_m
FNDA:42,_ZNKSt10_HashtableINSt7__cxx1112basic_stringIcSt11char_traitsIcESaIcEEES5_SaIS5_ENSt8__detail9_IdentityESt8equal_toIS5_ESt4hashIS5_ENS7_18_Mod_range_hashingENS7_20_Default_ranged_hashENS7_20_Prime_rehash_policyENS7_17_Hashtable_traitsILb1ELb1ELb1EEEE12_M_find_nodeEmRKS5_m
[...]
FN:4,_ZN32DiagramaTTest_ejemploExamen_TestD2Ev
FNDA:1,_ZN32DiagramaTTest_ejemploExamen_TestD2Ev
FN:22,_ZN34DiagramaTTest_PuedeEjecutarse_TestC2Ev
FNDA:1,_ZN34DiagramaTTest_PuedeEjecutarse_TestC2Ev
FN:22,_ZN34DiagramaTTest_PuedeEjecutarse_Test8TestBodyEv
FNDA:1,_ZN34DiagramaTTest_PuedeEjecutarse_Test8TestBodyEv
FN:22,_ZN34DiagramaTTest_PuedeEjecutarse_TestD2Ev
FNDA:1,_ZN34DiagramaTTest_PuedeEjecutarse_TestD2Ev
FN:22,_ZN34DiagramaTTest_PuedeEjecutarse_TestD0Ev
FNDA:1,_ZN34DiagramaTTest_PuedeEjecutarse_TestD0Ev
FN:29,_ZN36DiagramaTTest_DefinirInterprete_TestD0Ev
FNDA:1,_ZN36DiagramaTTest_DefinirInterprete_TestD0Ev
FN:29,_ZN36DiagramaTTest_DefinirInterprete_TestD2Ev
FNDA:1,_ZN36DiagramaTTest_DefinirInterprete_TestD2Ev
FN:29,_ZN36DiagramaTTest_DefinirInterprete_Test8TestBodyEv
FNDA:1,_ZN36DiagramaTTest_DefinirInterprete_Test8TestBodyEv
FN:29,_ZN36DiagramaTTest_DefinirInterprete_TestC2Ev
FNDA:1,_ZN36DiagramaTTest_DefinirInterprete_TestC2Ev
FN:36,_ZN34DiagramaTTest_DefinirPrograma_TestD0Ev
FNDA:1,_ZN34DiagramaTTest_DefinirPrograma_TestD0Ev
FN:36,_ZN34DiagramaTTest_DefinirPrograma_TestD2Ev
FNDA:1,_ZN34DiagramaTTest_DefinirPrograma_TestD2Ev
FN:36,_ZN34DiagramaTTest_DefinirPrograma_Test8TestBodyEv
FNDA:1,_ZN34DiagramaTTest_DefinirPrograma_Test8TestBodyEv
FN:36,_ZN34DiagramaTTest_DefinirPrograma_TestC2Ev
FNDA:1,_ZN34DiagramaTTest_DefinirPrograma_TestC2Ev
FN:44,_ZN35DiagramaTTest_DefinirTraductor_TestC2Ev
FNDA:1,_ZN35DiagramaTTest_DefinirTraductor_TestC2Ev
FN:44,_ZN35DiagramaTTest_DefinirTraductor_TestD0Ev
FNDA:1,_ZN35DiagramaTTest_DefinirTraductor_TestD0Ev
FN:44,_ZN35DiagramaTTest_DefinirTraductor_TestD2Ev
FNDA:1,_ZN35DiagramaTTest_DefinirTraductor_TestD2Ev
FN:44,_ZN35DiagramaTTest_DefinirTraductor_Test8TestBodyEv
FNDA:1,_ZN35DiagramaTTest_DefinirTraductor_Test8TestBodyEv
DA:4,1
DA:4,1
DA:4,1
DA:4,1
DA:5,1
DA:7,1
DA:8,1
DA:9,1
DA:10,1
DA:11,1
DA:12,1
DA:13,1
DA:14,1
DA:15,1
DA:16,1
DA:17,1
DA:18,1
DA:19,1
DA:20,1
DA:22,1
DA:22,1
DA:22,1
DA:22,1
DA:24,1
DA:26,1
DA:27,1
DA:29,1
DA:29,1
DA:29,1
DA:29,1
DA:31,1
DA:32,1
DA:33,1
DA:34,1
DA:36,1
DA:36,1
DA:36,1
DA:36,1
DA:38,1
DA:39,1
DA:40,1
DA:42,1
DA:44,1
DA:44,1
DA:44,1
DA:44,1
DA:46,1
DA:47,1
DA:48,1
DA:49,1
end_of_record
SF:/usr/include/c++/11/bits/unordered_map.h
end_of_record
SF:/mnt/c/Users/Jeamh/CLionProjects/Examen1/pregunta-5/ext/googletest/googletest/include/gtest/internal/gtest-internal.h
FN:437,_ZN7testing8internal15TestFactoryBaseD0Ev
FNDA:0,_ZN7testing8internal15TestFactoryBaseD0Ev
FN:437,_ZN7testing8internal15TestFactoryBaseD2Ev
FNDA:5,_ZN7testing8internal15TestFactoryBaseD2Ev
FN:444,_ZN7testing8internal15TestFactoryBaseC2Ev
FNDA:5,_ZN7testing8internal15TestFactoryBaseC2Ev
FN:456,_ZN7testing8internal15TestFactoryImplI32DiagramaTTest_ejemploExamen_TestE10CreateTestEv
FNDA:1,_ZN7testing8internal15TestFactoryImplI32DiagramaTTest_ejemploExamen_TestE10CreateTestEv
FN:456,_ZN7testing8internal15TestFactoryImplI34DiagramaTTest_PuedeEjecutarse_TestE10CreateTestEv
FNDA:1,_ZN7testing8internal15TestFactoryImplI34DiagramaTTest_PuedeEjecutarse_TestE10CreateTestEv
FN:456,_ZN7testing8internal15TestFactoryImplI36DiagramaTTest_DefinirInterprete_TestE10CreateTestEv
FNDA:1,_ZN7testing8internal15TestFactoryImplI36DiagramaTTest_DefinirInterprete_TestE10CreateTestEv
FN:456,_ZN7testing8internal15TestFactoryImplI34DiagramaTTest_DefinirPrograma_TestE10CreateTestEv
FNDA:1,_ZN7testing8internal15TestFactoryImplI34DiagramaTTest_DefinirPrograma_TestE10CreateTestEv
FN:456,_ZN7testing8internal15TestFactoryImplI35DiagramaTTest_DefinirTraductor_TestE10CreateTestEv
FNDA:1,_ZN7testing8internal15TestFactoryImplI35DiagramaTTest_DefinirTraductor_TestE10CreateTestEv
FN:477,_ZN7testing8internal12CodeLocationC2ERKNSt7__cxx1112basic_stringIcSt11char_traitsIcESaIcEEEi
FNDA:5,_ZN7testing8internal12CodeLocationC2ERKNSt7__cxx1112basic_stringIcSt11char_traitsIcESaIcEEEi
FN:490,_ZN7testing8internal19GetNotDefaultOrNullEPFvvES2_
FNDA:20,_ZN7testing8internal19GetNotDefaultOrNullEPFvvES2_
FN:505,_ZN7testing8internal16SuiteApiResolverINS_4TestEE19GetSetUpCaseOrSuiteEPKci
FNDA:5,_ZN7testing8internal16SuiteApiResolverINS_4TestEE19GetSetUpCaseOrSuiteEPKci
FN:526,_ZN7testing8internal16SuiteApiResolverINS_4TestEE22GetTearDownCaseOrSuiteEPKci
FNDA:5,_ZN7testing8internal16SuiteApiResolverINS_4TestEE22GetTearDownCaseOrSuiteEPKci
DA:437,0
DA:437,5
DA:444,5
DA:456,1
DA:456,1
DA:456,1
DA:456,1
DA:456,1
DA:477,5
DA:478,5
DA:490,20
DA:492,20
DA:505,5
DA:509,5
DA:511,5
DA:513,5
DA:516,0
DA:518,5
DA:526,5
DA:530,5
DA:532,5
DA:534,5
DA:537,0
DA:539,5
end_of_record
SF:/usr/include/c++/11/bits/stl_vector.h
FN:276,_ZNSt12_Vector_baseIP9TraductorSaIS1_EE19_M_get_Tp_allocatorEv
FNDA:0,_ZNSt12_Vector_baseIP9TraductorSaIS1_EE19_M_get_Tp_allocatorEv
FN:276,_ZNSt12_Vector_baseIP10InterpreteSaIS1_EE19_M_get_Tp_allocatorEv
FNDA:0,_ZNSt12_Vector_baseIP10InterpreteSaIS1_EE19_M_get_Tp_allocatorEv
FN:276,_ZNSt12_Vector_baseIP12ProgramaBaseSaIS1_EE19_M_get_Tp_allocatorEv
FNDA:0,_ZNSt12_Vector_baseIP12ProgramaBaseSaIS1_EE19_M_get_Tp_allocatorEv
FN:333,_ZNSt12_Vector_baseIP9TraductorSaIS1_EED2Ev
FNDA:0,_ZNSt12_Vector_baseIP9TraductorSaIS1_EED2Ev
FN:333,_ZNSt12_Vector_baseIP10InterpreteSaIS1_EED2Ev
FNDA:0,_ZNSt12_Vector_baseIP10InterpreteSaIS1_EED2Ev
FN:333,_ZNSt12_Vector_baseIP12ProgramaBaseSaIS1_EED2Ev
FNDA:0,_ZNSt12_Vector_baseIP12ProgramaBaseSaIS1_EED2Ev
FN:350,_ZNSt12_Vector_baseIP9TraductorSaIS1_EE13_M_deallocateEPS1_m
FNDA:0,_ZNSt12_Vector_baseIP9TraductorSaIS1_EE13_M_deallocateEPS1_m
FN:350,_ZNSt12_Vector_baseIP10InterpreteSaIS1_EE13_M_deallocateEPS1_m
FNDA:0,_ZNSt12_Vector_baseIP10InterpreteSaIS1_EE13_M_deallocateEPS1_m
FN:350,_ZNSt12_Vector_baseIP12ProgramaBaseSaIS1_EE13_M_deallocateEPS1_m
FNDA:0,_ZNSt12_Vector_baseIP12ProgramaBaseSaIS1_EE13_M_deallocateEPS1_m
FN:678,_ZNSt6vectorIP9TraductorSaIS1_EED2Ev
FNDA:0,_ZNSt6vectorIP9TraductorSaIS1_EED2Ev
FN:678,_ZNSt6vectorIP10InterpreteSaIS1_EED2Ev
FNDA:0,_ZNSt6vectorIP10InterpreteSaIS1_EED2Ev
FN:678,_ZNSt6vectorIP12ProgramaBaseSaIS1_EED2Ev
FNDA:0,_ZNSt6vectorIP12ProgramaBaseSaIS1_EED2Ev
DA:276,0
DA:277,0
DA:276,0
DA:277,0
DA:276,0
DA:277,0
DA:333,0
DA:335,0
DA:336,0
DA:337,0
DA:333,0
DA:335,0
DA:336,0
DA:337,0
DA:333,0
DA:335,0
DA:336,0
DA:337,0
DA:350,0
DA:353,0
DA:354,0
DA:355,0
DA:350,0
DA:353,0
DA:354,0
DA:355,0
DA:350,0
DA:353,0
DA:354,0
DA:355,0
DA:678,0
DA:680,0
DA:681,0
DA:683,0
DA:678,0
DA:680,0
DA:681,0
DA:683,0
DA:678,0
DA:680,0
DA:681,0
DA:683,0
end_of_record
SF:/usr/include/c++/11/bits/alloc_traits.h
FN:495,_ZNSt16allocator_traitsISaIP10InterpreteEE10deallocateERS2_PS1_m
FNDA:0,_ZNSt16allocator_traitsISaIP10InterpreteEE10deallocateERS2_PS1_m
FN:495,_ZNSt16allocator_traitsISaIP12ProgramaBaseEE10deallocateERS2_PS1_m
FNDA:0,_ZNSt16allocator_traitsISaIP12ProgramaBaseEE10deallocateERS2_PS1_m
FN:495,_ZNSt16allocator_traitsISaINSt8__detail10_Hash_nodeISt4pairIKNSt7__cxx1112basic_stringIcSt11char_traitsIcESaIcEEEbELb1EEEEE10deallocateERSC_PSB_m
FNDA:0,_ZNSt16allocator_traitsISaINSt8__detail10_Hash_nodeISt4pairIKNSt7__cxx1112basic_stringIcSt11char_traitsIcESaIcEEEbELb1EEEEE10deallocateERSC_PSB_m
FN:495,_ZNSt16allocator_traitsISaINSt8__detail10_Hash_nodeISt4pairIKNSt7__cxx1112basic_stringIcSt11char_traitsIcESaIcEEEP8ProgramaELb1EEEEE10deallocateERSE_PSD_m
FNDA:0,_ZNSt16allocator_traitsISaINSt8__detail10_Hash_nodeISt4pairIKNSt7__cxx1112basic_stringIcSt11char_traitsIcESaIcEEEP8ProgramaELb1EEEEE10deallocateERSE_PSD_m
FN:495,_ZNSt16allocator_traitsISaINSt8__detail10_Hash_nodeISt4pairIKNSt7__cxx1112basic_stringIcSt11char_traitsIcESaIcEEESt6vectorIP9TraductorSaISC_EEELb1EEEEE10deallocateERSH_PSG_m
FNDA:0,_ZNSt16allocator_traitsISaINSt8__detail10_Hash_nodeISt4pairIKNSt7__cxx1112basic_stringIcSt11char_traitsIcESaIcEEESt6vectorIP9TraductorSaISC_EEELb1EEEEE10deallocateERSH_PSG_m
FN:495,_ZNSt16allocator_traitsISaINSt8__detail10_Hash_nodeISt4pairIKNSt7__cxx1112basic_stringIcSt11char_traitsIcESaIcEEESt6vectorIP10InterpreteSaISC_EEELb1EEEEE10deallocateERSH_PSG_m
FNDA:0,_ZNSt16allocator_traitsISaINSt8__detail10_Hash_nodeISt4pairIKNSt7__cxx1112basic_stringIcSt11char_traitsIcESaIcEEESt6vectorIP10InterpreteSaISC_EEELb1EEEEE10deallocateERSH_PSG_m
FN:495,_ZNSt16allocator_traitsISaINSt8__detail10_Hash_nodeISt4pairIKNSt7__cxx1112basic_stringIcSt11char_traitsIcESaIcEEEP16ConexionLenguajeELb1EEEEE10deallocateERSE_PSD_m
FNDA:0,_ZNSt16allocator_traitsISaINSt8__detail10_Hash_nodeISt4pairIKNSt7__cxx1112basic_stringIcSt11char_traitsIcESaIcEEEP16ConexionLenguajeELb1EEEEE10deallocateERSE_PSD_m
FN:495,_ZNSt16allocator_traitsISaIP9TraductorEE10deallocateERS2_PS1_m
FNDA:0,_ZNSt16allocator_traitsISaIP9TraductorEE10deallocateERS2_PS1_m
FN:495,_ZNSt16allocator_traitsISaIPNSt8__detail15_Hash_node_baseEEE10deallocateERS3_PS2_m
FNDA:0,_ZNSt16allocator_traitsISaIPNSt8__detail15_Hash_node_baseEEE10deallocateERS3_PS2_m
FN:531,_ZNSt16allocator_traitsISaINSt8__detail10_Hash_nodeISt4pairIKNSt7__cxx1112basic_stringIcSt11char_traitsIcESaIcEEEbELb1EEEEE7destroyISA_EEvRSC_PT_
FNDA:0,_ZNSt16allocator_traitsISaINSt8__detail10_Hash_nodeISt4pairIKNSt7__cxx1112basic_stringIcSt11char_traitsIcESaIcEEEbELb1EEEEE7destroyISA_EEvRSC_PT_
FN:531,_ZNSt16allocator_traitsISaINSt8__detail10_Hash_nodeISt4pairIKNSt7__cxx1112basic_stringIcSt11char_traitsIcESaIcEEEP16ConexionLenguajeELb1EEEEE7destroyISC_EEvRSE_PT_
FNDA:0,_ZNSt16allocator_traitsISaINSt8__detail10_Hash_nodeISt4pairIKNSt7__cxx1112basic_stringIcSt11char_traitsIcESaIcEEEP16ConexionLenguajeELb1EEEEE7destroyISC_EEvRSE_PT_
FN:531,_ZNSt16allocator_traitsISaINSt8__detail10_Hash_nodeISt4pairIKNSt7__cxx1112basic_stringIcSt11char_traitsIcESaIcEEESt6vectorIP10InterpreteSaISC_EEELb1EEEEE7destroyISF_EEvRSH_PT_
FNDA:0,_ZNSt16allocator_traitsISaINSt8__detail10_Hash_nodeISt4pairIKNSt7__cxx1112basic_stringIcSt11char_traitsIcESaIcEEESt6vectorIP10InterpreteSaISC_EEELb1EEEEE7destroyISF_EEvRSH_PT_
FN:531,_ZNSt16allocator_traitsISaINSt8__detail10_Hash_nodeISt4pairIKNSt7__cxx1112basic_stringIcSt11char_traitsIcESaIcEEESt6vectorIP9TraductorSaISC_EEELb1EEEEE7destroyISF_EEvRSH_PT_
FNDA:0,_ZNSt16allocator_traitsISaINSt8__detail10_Hash_nodeISt4pairIKNSt7__cxx1112basic_stringIcSt11char_traitsIcESaIcEEESt6vectorIP9TraductorSaISC_EEELb1EEEEE7destroyISF_EEvRSH_PT_
FN:531,_ZNSt16allocator_traitsISaINSt8__detail10_Hash_nodeISt4pairIKNSt7__cxx1112basic_stringIcSt11char_traitsIcESaIcEEEP8ProgramaELb1EEEEE7destroyISC_EEvRSE_PT_
FNDA:0,_ZNSt16allocator_traitsISaINSt8__detail10_Hash_nodeISt4pairIKNSt7__cxx1112basic_stringIcSt11char_traitsIcESaIcEEEP8ProgramaELb1EEEEE7destroyISC_EEvRSE_PT_
FN:562,_ZNSt16allocator_traitsISaIcEE37select_on_container_copy_constructionERKS0_
FNDA:0,_ZNSt16allocator_traitsISaIcEE37select_on_container_copy_constructionERKS0_
FN:845,_ZSt8_DestroyIPP10InterpreteS1_EvT_S3_RSaIT0_E
FNDA:0,_ZSt8_DestroyIPP10InterpreteS1_EvT_S3_RSaIT0_E
FN:845,_ZSt8_DestroyIPP9TraductorS1_EvT_S3_RSaIT0_E
FNDA:0,_ZSt8_DestroyIPP9TraductorS1_EvT_S3_RSaIT0_E
FN:845,_ZSt8_DestroyIPP12ProgramaBaseS1_EvT_S3_RSaIT0_E
FNDA:0,_ZSt8_DestroyIPP12ProgramaBaseS1_EvT_S3_RSaIT0_E
DA:495,0
DA:496,0
DA:495,0
DA:496,0
DA:495,0
DA:496,0
DA:495,0
DA:496,0
DA:495,0
DA:496,0
DA:495,0
DA:496,0
DA:495,0
DA:496,0
DA:495,0
DA:496,0
DA:495,0
DA:496,0
DA:531,0
DA:535,0
DA:539,0
DA:531,0
DA:535,0
DA:539,0
DA:531,0
DA:535,0
DA:539,0
DA:531,0
DA:535,0
DA:539,0
DA:531,0
DA:535,0
DA:539,0
DA:562,0
DA:563,0
DA:845,0
DA:848,0
DA:849,0
DA:845,0
DA:848,0
DA:849,0
DA:845,0
DA:848,0
DA:849,0
end_of_record
SF:/usr/include/c++/11/bits/allocator.h
FN:169,_ZNSaIPNSt8__detail15_Hash_node_baseEEC2INS_10_Hash_nodeISt4pairIKNSt7__cxx1112basic_stringIcSt11char_traitsIcESaIcEEEbELb1EEEEERKSaIT_E
FNDA:0,_ZNSaIPNSt8__detail15_Hash_node_baseEEC2INS_10_Hash_nodeISt4pairIKNSt7__cxx1112basic_stringIcSt11char_traitsIcESaIcEEEbELb1EEEEERKSaIT_E
FN:169,_ZNSaIPNSt8__detail15_Hash_node_baseEEC2INS_10_Hash_nodeISt4pairIKNSt7__cxx1112basic_stringIcSt11char_traitsIcESaIcEEEP8ProgramaELb1EEEEERKSaIT_E
FNDA:0,_ZNSaIPNSt8__detail15_Hash_node_baseEEC2INS_10_Hash_nodeISt4pairIKNSt7__cxx1112basic_stringIcSt11char_traitsIcESaIcEEEP8ProgramaELb1EEEEERKSaIT_E
FN:169,_ZNSaIPNSt8__detail15_Hash_node_baseEEC2INS_10_Hash_nodeISt4pairIKNSt7__cxx1112basic_stringIcSt11char_traitsIcESaIcEEESt6vectorIP9TraductorSaISF_EEELb1EEEEERKSaIT_E
FNDA:0,_ZNSaIPNSt8__detail15_Hash_node_baseEEC2INS_10_Hash_nodeISt4pairIKNSt7__cxx1112basic_stringIcSt11char_traitsIcESaIcEEESt6vectorIP9TraductorSaISF_EEELb1EEEEERKSaIT_E
FN:169,_ZNSaIPNSt8__detail15_Hash_node_baseEEC2INS_10_Hash_nodeISt4pairIKNSt7__cxx1112basic_stringIcSt11char_traitsIcESaIcEEESt6vectorIP10InterpreteSaISF_EEELb1EEEEERKSaIT_E
FNDA:0,_ZNSaIPNSt8__detail15_Hash_node_baseEEC2INS_10_Hash_nodeISt4pairIKNSt7__cxx1112basic_stringIcSt11char_traitsIcESaIcEEESt6vectorIP10InterpreteSaISF_EEELb1EEEEERKSaIT_E
FN:169,_ZNSaIPNSt8__detail15_Hash_node_baseEEC2INS_10_Hash_nodeISt4pairIKNSt7__cxx1112basic_stringIcSt11char_traitsIcESaIcEEEP16ConexionLenguajeELb1EEEEERKSaIT_E
FNDA:0,_ZNSaIPNSt8__detail15_Hash_node_baseEEC2INS_10_Hash_nodeISt4pairIKNSt7__cxx1112basic_stringIcSt11char_traitsIcESaIcEEEP16ConexionLenguajeELb1EEEEERKSaIT_E
FN:174,_ZNSaIP9TraductorED2Ev
FNDA:0,_ZNSaIP9TraductorED2Ev
FN:174,_ZNSaIP10InterpreteED2Ev
FNDA:0,_ZNSaIP10InterpreteED2Ev
FN:174,_ZNSaIPNSt8__detail15_Hash_node_baseEED2Ev
FNDA:0,_ZNSaIPNSt8__detail15_Hash_node_baseEED2Ev
FN:174,_ZNSaIP12ProgramaBaseED2Ev
FNDA:0,_ZNSaIP12ProgramaBaseED2Ev
FN:174,_ZNSaINSt8__detail10_Hash_nodeISt4pairIKNSt7__cxx1112basic_stringIcSt11char_traitsIcESaIcEEEbELb1EEEED2Ev
FNDA:0,_ZNSaINSt8__detail10_Hash_nodeISt4pairIKNSt7__cxx1112basic_stringIcSt11char_traitsIcESaIcEEEbELb1EEEED2Ev
FN:174,_ZNSaINSt8__detail10_Hash_nodeISt4pairIKNSt7__cxx1112basic_stringIcSt11char_traitsIcESaIcEEEP8ProgramaELb1EEEED2Ev
FNDA:0,_ZNSaINSt8__detail10_Hash_nodeISt4pairIKNSt7__cxx1112basic_stringIcSt11char_traitsIcESaIcEEEP8ProgramaELb1EEEED2Ev
FN:174,_ZNSaINSt8__detail10_Hash_nodeISt4pairIKNSt7__cxx1112basic_stringIcSt11char_traitsIcESaIcEEESt6vectorIP9TraductorSaISB_EEELb1EEEED2Ev
FNDA:0,_ZNSaINSt8__detail10_Hash_nodeISt4pairIKNSt7__cxx1112basic_stringIcSt11char_traitsIcESaIcEEESt6vectorIP9TraductorSaISB_EEELb1EEEED2Ev
FN:174,_ZNSaINSt8__detail10_Hash_nodeISt4pairIKNSt7__cxx1112basic_stringIcSt11char_traitsIcESaIcEEESt6vectorIP10InterpreteSaISB_EEELb1EEEED2Ev
FNDA:0,_ZNSaINSt8__detail10_Hash_nodeISt4pairIKNSt7__cxx1112basic_stringIcSt11char_traitsIcESaIcEEESt6vectorIP10InterpreteSaISB_EEELb1EEEED2Ev
FN:174,_ZNSaINSt8__detail10_Hash_nodeISt4pairIKNSt7__cxx1112basic_stringIcSt11char_traitsIcESaIcEEEP16ConexionLenguajeELb1EEEED2Ev
FNDA:0,_ZNSaINSt8__detail10_Hash_nodeISt4pairIKNSt7__cxx1112basic_stringIcSt11char_traitsIcESaIcEEEP16ConexionLenguajeELb1EEEED2Ev
DA:169,0
DA:169,0
DA:169,0
DA:169,0
DA:169,0
DA:174,0
DA:174,0
DA:174,0
DA:174,0
DA:174,0
DA:174,0
DA:174,0
DA:174,0
DA:174,0
end_of_record
SF:/usr/include/c++/11/bits/ptr_traits.h
FN:149,_ZNSt14pointer_traitsIPNSt8__detail10_Hash_nodeISt4pairIKNSt7__cxx1112basic_stringIcSt11char_traitsIcESaIcEEEbELb1EEEE10pointer_toERSB_
FNDA:0,_ZNSt14pointer_traitsIPNSt8__detail10_Hash_nodeISt4pairIKNSt7__cxx1112basic_stringIcSt11char_traitsIcESaIcEEEbELb1EEEE10pointer_toERSB_
FN:149,_ZNSt14pointer_traitsIPNSt8__detail10_Hash_nodeISt4pairIKNSt7__cxx1112basic_stringIcSt11char_traitsIcESaIcEEEP8ProgramaELb1EEEE10pointer_toERSD_
FNDA:0,_ZNSt14pointer_traitsIPNSt8__detail10_Hash_nodeISt4pairIKNSt7__cxx1112basic_stringIcSt11char_traitsIcESaIcEEEP8ProgramaELb1EEEE10pointer_toERSD_
FN:149,_ZNSt14pointer_traitsIPNSt8__detail10_Hash_nodeISt4pairIKNSt7__cxx1112basic_stringIcSt11char_traitsIcESaIcEEESt6vectorIP9TraductorSaISC_EEELb1EEEE10pointer_toERSG_
FNDA:0,_ZNSt14pointer_traitsIPNSt8__detail10_Hash_nodeISt4pairIKNSt7__cxx1112basic_stringIcSt11char_traitsIcESaIcEEESt6vectorIP9TraductorSaISC_EEELb1EEEE10pointer_toERSG_
FN:149,_ZNSt14pointer_traitsIPNSt8__detail10_Hash_nodeISt4pairIKNSt7__cxx1112basic_stringIcSt11char_traitsIcESaIcEEESt6vectorIP10InterpreteSaISC_EEELb1EEEE10pointer_toERSG_
FNDA:0,_ZNSt14pointer_traitsIPNSt8__detail10_Hash_nodeISt4pairIKNSt7__cxx1112basic_stringIcSt11char_traitsIcESaIcEEESt6vectorIP10InterpreteSaISC_EEELb1EEEE10pointer_toERSG_
FN:149,_ZNSt14pointer_traitsIPNSt8__detail10_Hash_nodeISt4pairIKNSt7__cxx1112basic_stringIcSt11char_traitsIcESaIcEEEP16ConexionLenguajeELb1EEEE10pointer_toERSD_
FNDA:0,_ZNSt14pointer_traitsIPNSt8__detail10_Hash_nodeISt4pairIKNSt7__cxx1112basic_stringIcSt11char_traitsIcESaIcEEEP16ConexionLenguajeELb1EEEE10pointer_toERSD_
FN:149,_ZNSt14pointer_traitsIPPNSt8__detail15_Hash_node_baseEE10pointer_toERS2_
FNDA:0,_ZNSt14pointer_traitsIPPNSt8__detail15_Hash_node_baseEE10pointer_toERS2_
DA:149,0
DA:150,0
DA:149,0
DA:150,0
DA:149,0
DA:150,0
DA:149,0
DA:150,0
DA:149,0
DA:150,0
DA:149,0
DA:150,0
end_of_record
SF:/usr/include/c++/11/iostream
end_of_record
TN:
SF:/mnt/c/Users/Jeamh/CLionProjects/Examen1/pregunta-5/headers/ProgramaBase.hpp
FN:17,_ZN12ProgramaBaseD0Ev
FNDA:0,_ZN12ProgramaBaseD0Ev
FN:17,_ZN12ProgramaBaseD2Ev
FNDA:0,_ZN12ProgramaBaseD2Ev
DA:17,0
DA:17,0
end_of_record
SF:/mnt/c/Users/Jeamh/CLionProjects/Examen1/pregunta-5/src/Traductor.cpp
FN:8,_ZN9TraductorC2ERKNSt7__cxx1112basic_stringIcSt11char_traitsIcESaIcEEES7_S7_
FNDA:4,_ZN9TraductorC2ERKNSt7__cxx1112basic_stringIcSt11char_traitsIcESaIcEEES7_S7_
DA:8,4
DA:9,4
DA:11,4
end_of_record
SF:/mnt/c/Users/Jeamh/CLionProjects/Examen1/pregunta-5/headers/Traductor.hpp
end_of_record
SF:/usr/include/c++/11/bits/stl_iterator_base_types.h
FN:238,_ZSt19__iterator_categoryIPcENSt15iterator_traitsIT_E17iterator_categoryERKS2_
FNDA:0,_ZSt19__iterator_categoryIPcENSt15iterator_traitsIT_E17iterator_categoryERKS2_
DA:238,0
DA:239,0
end_of_record
SF:/usr/include/c++/11/ext/alloc_traits.h
FN:97,_ZN9__gnu_cxx14__alloc_traitsISaIcEcE17_S_select_on_copyERKS1_
FNDA:0,_ZN9__gnu_cxx14__alloc_traitsISaIcEcE17_S_select_on_copyERKS1_
DA:97,0
DA:98,0
end_of_record
SF:/usr/include/c++/11/ext/new_allocator.h
FN:82,_ZN9__gnu_cxx13new_allocatorIcEC2ERKS1_
FNDA:0,_ZN9__gnu_cxx13new_allocatorIcEC2ERKS1_
FN:89,_ZN9__gnu_cxx13new_allocatorIcED2Ev
FNDA:0,_ZN9__gnu_cxx13new_allocatorIcED2Ev
DA:82,0
DA:89,0
end_of_record
SF:/usr/include/c++/11/bits/stl_iterator_base_funcs.h
FN:98,_ZSt10__distanceIPcENSt15iterator_traitsIT_E15difference_typeES2_S2_St26random_access_iterator_tag
FNDA:0,_ZSt10__distanceIPcENSt15iterator_traitsIT_E15difference_typeES2_S2_St26random_access_iterator_tag
FN:138,_ZSt8distanceIPcENSt15iterator_traitsIT_E15difference_typeES2_S2_
FNDA:0,_ZSt8distanceIPcENSt15iterator_traitsIT_E15difference_typeES2_S2_
DA:98,0
DA:104,0
DA:138,0
DA:141,0
DA:142,0
end_of_record
SF:/usr/include/c++/11/bits/basic_string.tcc
FN:206,_ZNSt7__cxx1112basic_stringIcSt11char_traitsIcESaIcEE12_M_constructIPcEEvT_S7_St20forward_iterator_tag
FNDA:0,_ZNSt7__cxx1112basic_stringIcSt11char_traitsIcESaIcEE12_M_constructIPcEEvT_S7_St20forward_iterator_tag
DA:206,0
DA:211,0
DA:212,0
DA:215,0
DA:217,0
DA:219,0
DA:220,0
DA:225,0
DA:226,0
DA:228,0
DA:229,0
DA:232,0
DA:233,0
end_of_record
SF:/usr/include/c++/11/ext/type_traits.h
FN:152,_ZN9__gnu_cxx17__is_null_pointerIcEEbPT_
FNDA:0,_ZN9__gnu_cxx17__is_null_pointerIcEEbPT_
DA:152,0
DA:153,0
end_of_record
SF:/usr/include/c++/11/bits/basic_string.h
FN:251,_ZNSt7__cxx1112basic_stringIcSt11char_traitsIcESaIcEE16_M_construct_auxIPcEEvT_S7_St12__false_type
FNDA:0,_ZNSt7__cxx1112basic_stringIcSt11char_traitsIcESaIcEE16_M_construct_auxIPcEEvT_S7_St12__false_type
FN:271,_ZNSt7__cxx1112basic_stringIcSt11char_traitsIcESaIcEE12_M_constructIPcEEvT_S7_
FNDA:0,_ZNSt7__cxx1112basic_stringIcSt11char_traitsIcESaIcEE12_M_constructIPcEEvT_S7_
DA:251,0
DA:255,0
DA:256,0
DA:271,0
DA:274,0
DA:275,0
end_of_record
SF:/usr/include/c++/11/bits/move.h
FN:104,_ZSt4moveIRSaIcEEONSt16remove_referenceIT_E4typeEOS3_
FNDA:0,_ZSt4moveIRSaIcEEONSt16remove_referenceIT_E4typeEOS3_
DA:104,0
DA:105,0
end_of_record
SF:/usr/include/c++/11/bits/alloc_traits.h
FN:562,_ZNSt16allocator_traitsISaIcEE37select_on_container_copy_constructionERKS0_
FNDA:0,_ZNSt16allocator_traitsISaIcEE37select_on_container_copy_constructionERKS0_
DA:562,0
DA:563,0
end_of_record
